<?xml version="1.0" encoding="UTF-8"?>
<testng-results skipped="0" failed="2" ignored="0" total="15" passed="13">
  <reporter-output>
  </reporter-output>
  <suite name="Onco Staging" duration-ms="3735406" started-at="2020-09-22T08:53:49Z" finished-at="2020-09-22T09:56:05Z">
    <groups>
    </groups>
    <test name="PatientPortal" duration-ms="3735406" started-at="2020-09-22T08:53:49Z" finished-at="2020-09-22T09:56:05Z">
      <class name="com.onco.webtests.NewUserIneedAnOnlineOpinionForCancerTreatmentNewUserOpinionUSPanel">
        <test-method status="PASS" signature="openBrowser(java.lang.String, java.lang.String)[pri:0, instance:com.onco.webtests.NewUserIneedAnOnlineOpinionForCancerTreatmentNewUserOpinionUSPanel@462d5aee]" name="openBrowser" is-config="true" duration-ms="11001" started-at="2020-09-22T08:55:16Z" finished-at="2020-09-22T08:55:27Z">
          <params>
            <param index="0">
              <value>
                <![CDATA[chrome]]>
              </value>
            </param>
            <param index="1">
              <value>
                <![CDATA[https://backstage.onco.com/]]>
              </value>
            </param>
          </params>
          <reporter-output>
          </reporter-output>
        </test-method> <!-- openBrowser -->
        <test-method status="PASS" signature="NewUserSignupbookanpayatHospitalAppointmentWithFreeOpinion(java.lang.String, java.lang.String, java.lang.String, java.lang.String, java.lang.String, java.lang.String)[pri:2, instance:com.onco.webtests.NewUserIneedAnOnlineOpinionForCancerTreatmentNewUserOpinionUSPanel@462d5aee]" name="NewUserSignupbookanpayatHospitalAppointmentWithFreeOpinion" duration-ms="357669" started-at="2020-09-22T08:55:27Z" description="New User | I need an online opinion for cancer treatment | New User Opinion -US panel. TC_ID=C203" finished-at="2020-09-22T09:01:24Z">
          <params>
            <param index="0">
              <value>
                <![CDATA[test_onco]]>
              </value>
            </param>
            <param index="1">
              <value>
                <![CDATA[manjunath.1001j@gmail.com]]>
              </value>
            </param>
            <param index="2">
              <value>
                <![CDATA[8310744975]]>
              </value>
            </param>
            <param index="3">
              <value>
                <![CDATA[4423]]>
              </value>
            </param>
            <param index="4">
              <value>
                <![CDATA[test_test]]>
              </value>
            </param>
            <param index="5">
              <value>
                <![CDATA[my concerns]]>
              </value>
            </param>
          </params>
          <reporter-output>
          </reporter-output>
        </test-method> <!-- NewUserSignupbookanpayatHospitalAppointmentWithFreeOpinion -->
        <test-method status="PASS" signature="closedriver()[pri:0, instance:com.onco.webtests.NewUserIneedAnOnlineOpinionForCancerTreatmentNewUserOpinionUSPanel@462d5aee]" name="closedriver" is-config="true" duration-ms="126" started-at="2020-09-22T09:01:24Z" finished-at="2020-09-22T09:01:24Z">
          <reporter-output>
          </reporter-output>
        </test-method> <!-- closedriver -->
        <test-method status="PASS" signature="delete1()[pri:0, instance:com.onco.webtests.NewUserIneedAnOnlineOpinionForCancerTreatmentNewUserOpinionUSPanel@462d5aee]" name="delete1" is-config="true" duration-ms="724" started-at="2020-09-22T09:01:24Z" finished-at="2020-09-22T09:01:25Z">
          <reporter-output>
          </reporter-output>
        </test-method> <!-- delete1 -->
        <test-method status="FAIL" signature="addResultForTestCase(java.lang.String, int, java.lang.String)[pri:0, instance:com.onco.webtests.NewUserIneedAnOnlineOpinionForCancerTreatmentNewUserOpinionUSPanel@462d5aee]" name="addResultForTestCase" is-config="true" duration-ms="0" started-at="2020-09-22T09:01:25Z" finished-at="2020-09-22T09:01:25Z">
          <exception class="org.testng.TestNGException">
            <message>
              <![CDATA[
Can inject only one of <ITestContext, XmlTest> into a @AfterClass annotated addResultForTestCase.
For more information on native dependency injection please refer to http://testng.org/doc/documentation-main.html#native-dependency-injection]]>
            </message>
            <full-stacktrace>
              <![CDATA[org.testng.TestNGException: 
Can inject only one of <ITestContext, XmlTest> into a @AfterClass annotated addResultForTestCase.
For more information on native dependency injection please refer to http://testng.org/doc/documentation-main.html#native-dependency-injection
at org.testng.internal.Parameters.checkParameterTypes(Parameters.java:407)
at org.testng.internal.Parameters.createParametersForMethod(Parameters.java:356)
at org.testng.internal.Parameters.createParameters(Parameters.java:635)
at org.testng.internal.Parameters.createConfigurationParameters(Parameters.java:190)
at org.testng.internal.Invoker.invokeConfigurations(Invoker.java:209)
at org.testng.internal.Invoker.invokeConfigurations(Invoker.java:142)
at org.testng.internal.TestMethodWorker.invokeAfterClassMethods(TestMethodWorker.java:214)
at org.testng.internal.TestMethodWorker.run(TestMethodWorker.java:111)
at org.testng.TestRunner.privateRun(TestRunner.java:648)
at org.testng.TestRunner.run(TestRunner.java:505)
at org.testng.SuiteRunner.runTest(SuiteRunner.java:455)
at org.testng.SuiteRunner.runSequentially(SuiteRunner.java:450)
at org.testng.SuiteRunner.privateRun(SuiteRunner.java:415)
at org.testng.SuiteRunner.run(SuiteRunner.java:364)
at org.testng.SuiteRunnerWorker.runSuite(SuiteRunnerWorker.java:52)
at org.testng.SuiteRunnerWorker.run(SuiteRunnerWorker.java:84)
at org.testng.TestNG.runSuitesSequentially(TestNG.java:1208)
at org.testng.TestNG.runSuitesLocally(TestNG.java:1137)
at org.testng.TestNG.runSuites(TestNG.java:1049)
at org.testng.TestNG.run(TestNG.java:1017)
at org.apache.maven.surefire.testng.TestNGExecutor.run(TestNGExecutor.java:283)
at org.apache.maven.surefire.testng.TestNGXmlTestSuite.execute(TestNGXmlTestSuite.java:75)
at org.apache.maven.surefire.testng.TestNGProvider.invoke(TestNGProvider.java:120)
at org.apache.maven.surefire.booter.ForkedBooter.runSuitesInProcess(ForkedBooter.java:377)
at org.apache.maven.surefire.booter.ForkedBooter.execute(ForkedBooter.java:138)
at org.apache.maven.surefire.booter.ForkedBooter.run(ForkedBooter.java:465)
at org.apache.maven.surefire.booter.ForkedBooter.main(ForkedBooter.java:451)
]]>
            </full-stacktrace>
          </exception> <!-- org.testng.TestNGException -->
          <reporter-output>
          </reporter-output>
        </test-method> <!-- addResultForTestCase -->
      </class> <!-- com.onco.webtests.NewUserIneedAnOnlineOpinionForCancerTreatmentNewUserOpinionUSPanel -->
      <class name="com.onco.webtests.NewUserIWantToTalkToAnOncologistWithoutCoupon">
        <test-method status="PASS" signature="openBrowser(java.lang.String, java.lang.String)[pri:0, instance:com.onco.webtests.NewUserIWantToTalkToAnOncologistWithoutCoupon@66d1af89]" name="openBrowser" is-config="true" duration-ms="11361" started-at="2020-09-22T09:09:51Z" finished-at="2020-09-22T09:10:02Z">
          <params>
            <param index="0">
              <value>
                <![CDATA[chrome]]>
              </value>
            </param>
            <param index="1">
              <value>
                <![CDATA[https://backstage.onco.com/]]>
              </value>
            </param>
          </params>
          <reporter-output>
          </reporter-output>
        </test-method> <!-- openBrowser -->
        <test-method status="PASS" signature="NewUserSignupbookanpayatHospitalAppointmentWithFreeOpinion(java.lang.String, java.lang.String, java.lang.String, java.lang.String, java.lang.String)[pri:6, instance:com.onco.webtests.NewUserIWantToTalkToAnOncologistWithoutCoupon@66d1af89]" name="NewUserSignupbookanpayatHospitalAppointmentWithFreeOpinion" duration-ms="203685" started-at="2020-09-22T09:10:02Z" description="New user | I want to talk to an Oncologist without coupon. TC_ID=C2578" finished-at="2020-09-22T09:13:26Z">
          <params>
            <param index="0">
              <value>
                <![CDATA[test_onco]]>
              </value>
            </param>
            <param index="1">
              <value>
                <![CDATA[manjunath.1001j@gmail.com]]>
              </value>
            </param>
            <param index="2">
              <value>
                <![CDATA[8310744975]]>
              </value>
            </param>
            <param index="3">
              <value>
                <![CDATA[4423]]>
              </value>
            </param>
            <param index="4">
              <value>
                <![CDATA[my requirments]]>
              </value>
            </param>
          </params>
          <reporter-output>
          </reporter-output>
        </test-method> <!-- NewUserSignupbookanpayatHospitalAppointmentWithFreeOpinion -->
        <test-method status="PASS" signature="closedriver()[pri:0, instance:com.onco.webtests.NewUserIWantToTalkToAnOncologistWithoutCoupon@66d1af89]" name="closedriver" is-config="true" duration-ms="188" started-at="2020-09-22T09:13:26Z" finished-at="2020-09-22T09:13:26Z">
          <reporter-output>
          </reporter-output>
        </test-method> <!-- closedriver -->
        <test-method status="PASS" signature="delete1()[pri:0, instance:com.onco.webtests.NewUserIWantToTalkToAnOncologistWithoutCoupon@66d1af89]" name="delete1" is-config="true" duration-ms="729" started-at="2020-09-22T09:13:26Z" finished-at="2020-09-22T09:13:27Z">
          <reporter-output>
          </reporter-output>
        </test-method> <!-- delete1 -->
        <test-method status="FAIL" signature="addResultForTestCase(java.lang.String, int, java.lang.String)[pri:0, instance:com.onco.webtests.NewUserIWantToTalkToAnOncologistWithoutCoupon@66d1af89]" name="addResultForTestCase" is-config="true" duration-ms="0" started-at="2020-09-22T09:13:27Z" finished-at="2020-09-22T09:13:27Z">
          <exception class="org.testng.TestNGException">
            <message>
              <![CDATA[
Can inject only one of <ITestContext, XmlTest> into a @AfterClass annotated addResultForTestCase.
For more information on native dependency injection please refer to http://testng.org/doc/documentation-main.html#native-dependency-injection]]>
            </message>
            <full-stacktrace>
              <![CDATA[org.testng.TestNGException: 
Can inject only one of <ITestContext, XmlTest> into a @AfterClass annotated addResultForTestCase.
For more information on native dependency injection please refer to http://testng.org/doc/documentation-main.html#native-dependency-injection
at org.testng.internal.Parameters.checkParameterTypes(Parameters.java:407)
at org.testng.internal.Parameters.createParametersForMethod(Parameters.java:356)
at org.testng.internal.Parameters.createParameters(Parameters.java:635)
at org.testng.internal.Parameters.createConfigurationParameters(Parameters.java:190)
at org.testng.internal.Invoker.invokeConfigurations(Invoker.java:209)
at org.testng.internal.Invoker.invokeConfigurations(Invoker.java:142)
at org.testng.internal.TestMethodWorker.invokeAfterClassMethods(TestMethodWorker.java:214)
at org.testng.internal.TestMethodWorker.run(TestMethodWorker.java:111)
at org.testng.TestRunner.privateRun(TestRunner.java:648)
at org.testng.TestRunner.run(TestRunner.java:505)
at org.testng.SuiteRunner.runTest(SuiteRunner.java:455)
at org.testng.SuiteRunner.runSequentially(SuiteRunner.java:450)
at org.testng.SuiteRunner.privateRun(SuiteRunner.java:415)
at org.testng.SuiteRunner.run(SuiteRunner.java:364)
at org.testng.SuiteRunnerWorker.runSuite(SuiteRunnerWorker.java:52)
at org.testng.SuiteRunnerWorker.run(SuiteRunnerWorker.java:84)
at org.testng.TestNG.runSuitesSequentially(TestNG.java:1208)
at org.testng.TestNG.runSuitesLocally(TestNG.java:1137)
at org.testng.TestNG.runSuites(TestNG.java:1049)
at org.testng.TestNG.run(TestNG.java:1017)
at org.apache.maven.surefire.testng.TestNGExecutor.run(TestNGExecutor.java:283)
at org.apache.maven.surefire.testng.TestNGXmlTestSuite.execute(TestNGXmlTestSuite.java:75)
at org.apache.maven.surefire.testng.TestNGProvider.invoke(TestNGProvider.java:120)
at org.apache.maven.surefire.booter.ForkedBooter.runSuitesInProcess(ForkedBooter.java:377)
at org.apache.maven.surefire.booter.ForkedBooter.execute(ForkedBooter.java:138)
at org.apache.maven.surefire.booter.ForkedBooter.run(ForkedBooter.java:465)
at org.apache.maven.surefire.booter.ForkedBooter.main(ForkedBooter.java:451)
]]>
            </full-stacktrace>
          </exception> <!-- org.testng.TestNGException -->
          <reporter-output>
          </reporter-output>
        </test-method> <!-- addResultForTestCase -->
      </class> <!-- com.onco.webtests.NewUserIWantToTalkToAnOncologistWithoutCoupon -->
      <class name="com.onco.webtests.NewUserBookAppointmentRequestCallOnco">
        <test-method status="PASS" signature="openBrowser(java.lang.String, java.lang.String)[pri:0, instance:com.onco.webtests.NewUserBookAppointmentRequestCallOnco@6a1aab78]" name="openBrowser" is-config="true" duration-ms="14984" started-at="2020-09-22T08:53:49Z" finished-at="2020-09-22T08:54:04Z">
          <params>
            <param index="0">
              <value>
                <![CDATA[chrome]]>
              </value>
            </param>
            <param index="1">
              <value>
                <![CDATA[https://backstage.onco.com/]]>
              </value>
            </param>
          </params>
          <reporter-output>
          </reporter-output>
        </test-method> <!-- openBrowser -->
        <test-method status="PASS" signature="NewUserSignupbookanpayatHospitalAppointmentWithFreeOpinion(java.lang.String, java.lang.String, java.lang.String, java.lang.String)[pri:1, instance:com.onco.webtests.NewUserBookAppointmentRequestCallOnco@6a1aab78]" name="NewUserSignupbookanpayatHospitalAppointmentWithFreeOpinion" duration-ms="68951" started-at="2020-09-22T08:54:04Z" description="New User | Book Appointment | Request call onco. TC_ID=C2582" finished-at="2020-09-22T08:55:13Z">
          <params>
            <param index="0">
              <value>
                <![CDATA[test_onco]]>
              </value>
            </param>
            <param index="1">
              <value>
                <![CDATA[manjunath.1001j@gmail.com]]>
              </value>
            </param>
            <param index="2">
              <value>
                <![CDATA[8310744975]]>
              </value>
            </param>
            <param index="3">
              <value>
                <![CDATA[4423]]>
              </value>
            </param>
          </params>
          <reporter-output>
          </reporter-output>
        </test-method> <!-- NewUserSignupbookanpayatHospitalAppointmentWithFreeOpinion -->
        <test-method status="PASS" signature="closedriver()[pri:0, instance:com.onco.webtests.NewUserBookAppointmentRequestCallOnco@6a1aab78]" name="closedriver" is-config="true" duration-ms="171" started-at="2020-09-22T08:55:13Z" finished-at="2020-09-22T08:55:13Z">
          <reporter-output>
          </reporter-output>
        </test-method> <!-- closedriver -->
        <test-method status="PASS" signature="delete1()[pri:0, instance:com.onco.webtests.NewUserBookAppointmentRequestCallOnco@6a1aab78]" name="delete1" is-config="true" duration-ms="2314" started-at="2020-09-22T08:55:13Z" finished-at="2020-09-22T08:55:16Z">
          <reporter-output>
          </reporter-output>
        </test-method> <!-- delete1 -->
        <test-method status="FAIL" signature="addResultForTestCase(java.lang.String, int, java.lang.String)[pri:0, instance:com.onco.webtests.NewUserBookAppointmentRequestCallOnco@6a1aab78]" name="addResultForTestCase" is-config="true" duration-ms="0" started-at="2020-09-22T08:55:16Z" finished-at="2020-09-22T08:55:16Z">
          <exception class="org.testng.TestNGException">
            <message>
              <![CDATA[
Can inject only one of <ITestContext, XmlTest> into a @AfterClass annotated addResultForTestCase.
For more information on native dependency injection please refer to http://testng.org/doc/documentation-main.html#native-dependency-injection]]>
            </message>
            <full-stacktrace>
              <![CDATA[org.testng.TestNGException: 
Can inject only one of <ITestContext, XmlTest> into a @AfterClass annotated addResultForTestCase.
For more information on native dependency injection please refer to http://testng.org/doc/documentation-main.html#native-dependency-injection
at org.testng.internal.Parameters.checkParameterTypes(Parameters.java:407)
at org.testng.internal.Parameters.createParametersForMethod(Parameters.java:356)
at org.testng.internal.Parameters.createParameters(Parameters.java:635)
at org.testng.internal.Parameters.createConfigurationParameters(Parameters.java:190)
at org.testng.internal.Invoker.invokeConfigurations(Invoker.java:209)
at org.testng.internal.Invoker.invokeConfigurations(Invoker.java:142)
at org.testng.internal.TestMethodWorker.invokeAfterClassMethods(TestMethodWorker.java:214)
at org.testng.internal.TestMethodWorker.run(TestMethodWorker.java:111)
at org.testng.TestRunner.privateRun(TestRunner.java:648)
at org.testng.TestRunner.run(TestRunner.java:505)
at org.testng.SuiteRunner.runTest(SuiteRunner.java:455)
at org.testng.SuiteRunner.runSequentially(SuiteRunner.java:450)
at org.testng.SuiteRunner.privateRun(SuiteRunner.java:415)
at org.testng.SuiteRunner.run(SuiteRunner.java:364)
at org.testng.SuiteRunnerWorker.runSuite(SuiteRunnerWorker.java:52)
at org.testng.SuiteRunnerWorker.run(SuiteRunnerWorker.java:84)
at org.testng.TestNG.runSuitesSequentially(TestNG.java:1208)
at org.testng.TestNG.runSuitesLocally(TestNG.java:1137)
at org.testng.TestNG.runSuites(TestNG.java:1049)
at org.testng.TestNG.run(TestNG.java:1017)
at org.apache.maven.surefire.testng.TestNGExecutor.run(TestNGExecutor.java:283)
at org.apache.maven.surefire.testng.TestNGXmlTestSuite.execute(TestNGXmlTestSuite.java:75)
at org.apache.maven.surefire.testng.TestNGProvider.invoke(TestNGProvider.java:120)
at org.apache.maven.surefire.booter.ForkedBooter.runSuitesInProcess(ForkedBooter.java:377)
at org.apache.maven.surefire.booter.ForkedBooter.execute(ForkedBooter.java:138)
at org.apache.maven.surefire.booter.ForkedBooter.run(ForkedBooter.java:465)
at org.apache.maven.surefire.booter.ForkedBooter.main(ForkedBooter.java:451)
]]>
            </full-stacktrace>
          </exception> <!-- org.testng.TestNGException -->
          <reporter-output>
          </reporter-output>
        </test-method> <!-- addResultForTestCase -->
      </class> <!-- com.onco.webtests.NewUserBookAppointmentRequestCallOnco -->
      <class name="com.onco.webtests.NewUserSignupPaytmBookOnPriorityAppointment">
        <test-method status="PASS" signature="openBrowser(java.lang.String, java.lang.String)[pri:0, instance:com.onco.webtests.NewUserSignupPaytmBookOnPriorityAppointment@2db7a79b]" name="openBrowser" is-config="true" duration-ms="3037" started-at="2020-09-22T09:31:36Z" finished-at="2020-09-22T09:31:39Z">
          <params>
            <param index="0">
              <value>
                <![CDATA[chrome]]>
              </value>
            </param>
            <param index="1">
              <value>
                <![CDATA[https://backstage.onco.com/]]>
              </value>
            </param>
          </params>
          <reporter-output>
          </reporter-output>
        </test-method> <!-- openBrowser -->
        <test-method status="FAIL" signature="NewUserSignupbookanpayatHospitalAppointmentWithFreeOpinion(java.lang.String, java.lang.String, java.lang.String, java.lang.String)[pri:10, instance:com.onco.webtests.NewUserSignupPaytmBookOnPriorityAppointment@2db7a79b]" name="NewUserSignupbookanpayatHospitalAppointmentWithFreeOpinion" duration-ms="117627" started-at="2020-09-22T09:31:39Z" description="New User Signup| Paytm|Book on priority appointment. TC_ID=C3074" finished-at="2020-09-22T09:33:37Z">
          <params>
            <param index="0">
              <value>
                <![CDATA[test_onco]]>
              </value>
            </param>
            <param index="1">
              <value>
                <![CDATA[manjunath.1001j@gmail.com]]>
              </value>
            </param>
            <param index="2">
              <value>
                <![CDATA[8310744975]]>
              </value>
            </param>
            <param index="3">
              <value>
                <![CDATA[4423]]>
              </value>
            </param>
          </params>
          <exception class="org.openqa.selenium.NoSuchElementException">
            <message>
              <![CDATA[no such element: Unable to locate element: {"method":"xpath","selector":"/html[1]/body[1]/app-root[1]/select-service[1]/div[1]/div[2]/div[1]/div[2]/div[3]/div[1]"}
  (Session info: chrome=85.0.4183.102)
For documentation on this error, please visit: https://www.seleniumhq.org/exceptions/no_such_element.html
Build info: version: '3.141.59', revision: 'e82be7d358', time: '2018-11-14T08:17:03'
System info: host: 'Manjunaths-MBP', ip: '2409:4071:2089:d6a2:b5af:7b07:a08d:9046%en0', os.name: 'Mac OS X', os.arch: 'x86_64', os.version: '10.15.6', java.version: '1.8.0_231'
Driver info: org.openqa.selenium.chrome.ChromeDriver
Capabilities {acceptInsecureCerts: false, browserName: chrome, browserVersion: 85.0.4183.102, chrome: {chromedriverVersion: 85.0.4183.87 (cd6713ebf92fa..., userDataDir: /var/folders/p6/cbrrv70s47j...}, goog:chromeOptions: {debuggerAddress: localhost:50243}, javascriptEnabled: true, networkConnectionEnabled: false, pageLoadStrategy: none, platform: MAC, platformName: MAC, proxy: Proxy(), setWindowRect: true, strictFileInteractability: false, timeouts: {implicit: 0, pageLoad: 300000, script: 30000}, unhandledPromptBehavior: dismiss and notify, webauthn:virtualAuthenticators: true}
Session ID: 92df5781f7b39948b4ff225cabbb0000
*** Element info: {Using=xpath, value=/html[1]/body[1]/app-root[1]/select-service[1]/div[1]/div[2]/div[1]/div[2]/div[3]/div[1]}]]>
            </message>
            <full-stacktrace>
              <![CDATA[org.openqa.selenium.NoSuchElementException: no such element: Unable to locate element: {"method":"xpath","selector":"/html[1]/body[1]/app-root[1]/select-service[1]/div[1]/div[2]/div[1]/div[2]/div[3]/div[1]"}
  (Session info: chrome=85.0.4183.102)
For documentation on this error, please visit: https://www.seleniumhq.org/exceptions/no_such_element.html
Build info: version: '3.141.59', revision: 'e82be7d358', time: '2018-11-14T08:17:03'
System info: host: 'Manjunaths-MBP', ip: '2409:4071:2089:d6a2:b5af:7b07:a08d:9046%en0', os.name: 'Mac OS X', os.arch: 'x86_64', os.version: '10.15.6', java.version: '1.8.0_231'
Driver info: org.openqa.selenium.chrome.ChromeDriver
Capabilities {acceptInsecureCerts: false, browserName: chrome, browserVersion: 85.0.4183.102, chrome: {chromedriverVersion: 85.0.4183.87 (cd6713ebf92fa..., userDataDir: /var/folders/p6/cbrrv70s47j...}, goog:chromeOptions: {debuggerAddress: localhost:50243}, javascriptEnabled: true, networkConnectionEnabled: false, pageLoadStrategy: none, platform: MAC, platformName: MAC, proxy: Proxy(), setWindowRect: true, strictFileInteractability: false, timeouts: {implicit: 0, pageLoad: 300000, script: 30000}, unhandledPromptBehavior: dismiss and notify, webauthn:virtualAuthenticators: true}
Session ID: 92df5781f7b39948b4ff225cabbb0000
*** Element info: {Using=xpath, value=/html[1]/body[1]/app-root[1]/select-service[1]/div[1]/div[2]/div[1]/div[2]/div[3]/div[1]}
at sun.reflect.GeneratedConstructorAccessor51.newInstance(Unknown Source)
at sun.reflect.DelegatingConstructorAccessorImpl.newInstance(DelegatingConstructorAccessorImpl.java:45)
at java.lang.reflect.Constructor.newInstance(Constructor.java:423)
at org.openqa.selenium.remote.http.W3CHttpResponseCodec.createException(W3CHttpResponseCodec.java:187)
at org.openqa.selenium.remote.http.W3CHttpResponseCodec.decode(W3CHttpResponseCodec.java:122)
at org.openqa.selenium.remote.http.W3CHttpResponseCodec.decode(W3CHttpResponseCodec.java:49)
at org.openqa.selenium.remote.HttpCommandExecutor.execute(HttpCommandExecutor.java:158)
at org.openqa.selenium.remote.service.DriverCommandExecutor.execute(DriverCommandExecutor.java:83)
at org.openqa.selenium.remote.RemoteWebDriver.execute(RemoteWebDriver.java:552)
at org.openqa.selenium.remote.RemoteWebDriver.findElement(RemoteWebDriver.java:323)
at org.openqa.selenium.remote.RemoteWebDriver.findElementByXPath(RemoteWebDriver.java:428)
at org.openqa.selenium.By$ByXPath.findElement(By.java:353)
at org.openqa.selenium.remote.RemoteWebDriver.findElement(RemoteWebDriver.java:315)
at org.openqa.selenium.support.pagefactory.DefaultElementLocator.findElement(DefaultElementLocator.java:69)
at org.openqa.selenium.support.pagefactory.internal.LocatingElementHandler.invoke(LocatingElementHandler.java:38)
at com.sun.proxy.$Proxy9.click(Unknown Source)
at com.onco.pages.Service.appointment(Service.java:59)
at com.onco.webtests.NewUserSignupPaytmBookOnPriorityAppointment.NewUserSignupbookanpayatHospitalAppointmentWithFreeOpinion(NewUserSignupPaytmBookOnPriorityAppointment.java:37)
at sun.reflect.NativeMethodAccessorImpl.invoke0(Native Method)
at sun.reflect.NativeMethodAccessorImpl.invoke(NativeMethodAccessorImpl.java:62)
at sun.reflect.DelegatingMethodAccessorImpl.invoke(DelegatingMethodAccessorImpl.java:43)
at java.lang.reflect.Method.invoke(Method.java:498)
at org.testng.internal.MethodInvocationHelper.invokeMethod(MethodInvocationHelper.java:124)
at org.testng.internal.Invoker.invokeMethod(Invoker.java:583)
at org.testng.internal.Invoker.invokeTestMethod(Invoker.java:719)
at org.testng.internal.Invoker.invokeTestMethods(Invoker.java:989)
at org.testng.internal.TestMethodWorker.invokeTestMethods(TestMethodWorker.java:125)
at org.testng.internal.TestMethodWorker.run(TestMethodWorker.java:109)
at org.testng.TestRunner.privateRun(TestRunner.java:648)
at org.testng.TestRunner.run(TestRunner.java:505)
at org.testng.SuiteRunner.runTest(SuiteRunner.java:455)
at org.testng.SuiteRunner.runSequentially(SuiteRunner.java:450)
at org.testng.SuiteRunner.privateRun(SuiteRunner.java:415)
at org.testng.SuiteRunner.run(SuiteRunner.java:364)
at org.testng.SuiteRunnerWorker.runSuite(SuiteRunnerWorker.java:52)
at org.testng.SuiteRunnerWorker.run(SuiteRunnerWorker.java:84)
at org.testng.TestNG.runSuitesSequentially(TestNG.java:1208)
at org.testng.TestNG.runSuitesLocally(TestNG.java:1137)
at org.testng.TestNG.runSuites(TestNG.java:1049)
at org.testng.TestNG.run(TestNG.java:1017)
at org.apache.maven.surefire.testng.TestNGExecutor.run(TestNGExecutor.java:283)
at org.apache.maven.surefire.testng.TestNGXmlTestSuite.execute(TestNGXmlTestSuite.java:75)
at org.apache.maven.surefire.testng.TestNGProvider.invoke(TestNGProvider.java:120)
at org.apache.maven.surefire.booter.ForkedBooter.runSuitesInProcess(ForkedBooter.java:377)
at org.apache.maven.surefire.booter.ForkedBooter.execute(ForkedBooter.java:138)
at org.apache.maven.surefire.booter.ForkedBooter.run(ForkedBooter.java:465)
at org.apache.maven.surefire.booter.ForkedBooter.main(ForkedBooter.java:451)
]]>
            </full-stacktrace>
          </exception> <!-- org.openqa.selenium.NoSuchElementException -->
          <reporter-output>
          </reporter-output>
        </test-method> <!-- NewUserSignupbookanpayatHospitalAppointmentWithFreeOpinion -->
        <test-method status="PASS" signature="closedriver()[pri:0, instance:com.onco.webtests.NewUserSignupPaytmBookOnPriorityAppointment@2db7a79b]" name="closedriver" is-config="true" duration-ms="119" started-at="2020-09-22T09:33:37Z" finished-at="2020-09-22T09:33:37Z">
          <reporter-output>
          </reporter-output>
        </test-method> <!-- closedriver -->
        <test-method status="PASS" signature="delete1()[pri:0, instance:com.onco.webtests.NewUserSignupPaytmBookOnPriorityAppointment@2db7a79b]" name="delete1" is-config="true" duration-ms="2346" started-at="2020-09-22T09:33:37Z" finished-at="2020-09-22T09:33:39Z">
          <reporter-output>
          </reporter-output>
        </test-method> <!-- delete1 -->
        <test-method status="FAIL" signature="addResultForTestCase(java.lang.String, int, java.lang.String)[pri:0, instance:com.onco.webtests.NewUserSignupPaytmBookOnPriorityAppointment@2db7a79b]" name="addResultForTestCase" is-config="true" duration-ms="0" started-at="2020-09-22T09:33:39Z" finished-at="2020-09-22T09:33:39Z">
          <exception class="org.testng.TestNGException">
            <message>
              <![CDATA[
Can inject only one of <ITestContext, XmlTest> into a @AfterClass annotated addResultForTestCase.
For more information on native dependency injection please refer to http://testng.org/doc/documentation-main.html#native-dependency-injection]]>
            </message>
            <full-stacktrace>
              <![CDATA[org.testng.TestNGException: 
Can inject only one of <ITestContext, XmlTest> into a @AfterClass annotated addResultForTestCase.
For more information on native dependency injection please refer to http://testng.org/doc/documentation-main.html#native-dependency-injection
at org.testng.internal.Parameters.checkParameterTypes(Parameters.java:407)
at org.testng.internal.Parameters.createParametersForMethod(Parameters.java:356)
at org.testng.internal.Parameters.createParameters(Parameters.java:635)
at org.testng.internal.Parameters.createConfigurationParameters(Parameters.java:190)
at org.testng.internal.Invoker.invokeConfigurations(Invoker.java:209)
at org.testng.internal.Invoker.invokeConfigurations(Invoker.java:142)
at org.testng.internal.TestMethodWorker.invokeAfterClassMethods(TestMethodWorker.java:214)
at org.testng.internal.TestMethodWorker.run(TestMethodWorker.java:111)
at org.testng.TestRunner.privateRun(TestRunner.java:648)
at org.testng.TestRunner.run(TestRunner.java:505)
at org.testng.SuiteRunner.runTest(SuiteRunner.java:455)
at org.testng.SuiteRunner.runSequentially(SuiteRunner.java:450)
at org.testng.SuiteRunner.privateRun(SuiteRunner.java:415)
at org.testng.SuiteRunner.run(SuiteRunner.java:364)
at org.testng.SuiteRunnerWorker.runSuite(SuiteRunnerWorker.java:52)
at org.testng.SuiteRunnerWorker.run(SuiteRunnerWorker.java:84)
at org.testng.TestNG.runSuitesSequentially(TestNG.java:1208)
at org.testng.TestNG.runSuitesLocally(TestNG.java:1137)
at org.testng.TestNG.runSuites(TestNG.java:1049)
at org.testng.TestNG.run(TestNG.java:1017)
at org.apache.maven.surefire.testng.TestNGExecutor.run(TestNGExecutor.java:283)
at org.apache.maven.surefire.testng.TestNGXmlTestSuite.execute(TestNGXmlTestSuite.java:75)
at org.apache.maven.surefire.testng.TestNGProvider.invoke(TestNGProvider.java:120)
at org.apache.maven.surefire.booter.ForkedBooter.runSuitesInProcess(ForkedBooter.java:377)
at org.apache.maven.surefire.booter.ForkedBooter.execute(ForkedBooter.java:138)
at org.apache.maven.surefire.booter.ForkedBooter.run(ForkedBooter.java:465)
at org.apache.maven.surefire.booter.ForkedBooter.main(ForkedBooter.java:451)
]]>
            </full-stacktrace>
          </exception> <!-- org.testng.TestNGException -->
          <reporter-output>
          </reporter-output>
        </test-method> <!-- addResultForTestCase -->
      </class> <!-- com.onco.webtests.NewUserSignupPaytmBookOnPriorityAppointment -->
      <class name="com.onco.webtests.ExistinguserFlowBookLabDiagnostic">
        <test-method status="PASS" signature="openBrowser(java.lang.String, java.lang.String)[pri:0, instance:com.onco.webtests.ExistinguserFlowBookLabDiagnostic@42eca56e]" name="openBrowser" is-config="true" duration-ms="2594" started-at="2020-09-22T09:40:51Z" finished-at="2020-09-22T09:40:53Z">
          <params>
            <param index="0">
              <value>
                <![CDATA[chrome]]>
              </value>
            </param>
            <param index="1">
              <value>
                <![CDATA[https://backstage.onco.com/]]>
              </value>
            </param>
          </params>
          <reporter-output>
          </reporter-output>
        </test-method> <!-- openBrowser -->
        <test-method status="PASS" signature="NewUserSignupbookanpayatHospitalAppointmentWithFreeOpinion(java.lang.String, java.lang.String)[pri:12, instance:com.onco.webtests.ExistinguserFlowBookLabDiagnostic@42eca56e]" name="NewUserSignupbookanpayatHospitalAppointmentWithFreeOpinion" duration-ms="299065" started-at="2020-09-22T09:40:53Z" description="Existing user Flow | Book Lab Diagnostic. TC_ID=C2605" finished-at="2020-09-22T09:45:52Z">
          <params>
            <param index="0">
              <value>
                <![CDATA[8310744975]]>
              </value>
            </param>
            <param index="1">
              <value>
                <![CDATA[4423]]>
              </value>
            </param>
          </params>
          <reporter-output>
          </reporter-output>
        </test-method> <!-- NewUserSignupbookanpayatHospitalAppointmentWithFreeOpinion -->
        <test-method status="PASS" signature="closedriver()[pri:0, instance:com.onco.webtests.ExistinguserFlowBookLabDiagnostic@42eca56e]" name="closedriver" is-config="true" duration-ms="132" started-at="2020-09-22T09:45:52Z" finished-at="2020-09-22T09:45:52Z">
          <reporter-output>
          </reporter-output>
        </test-method> <!-- closedriver -->
        <test-method status="FAIL" signature="addResultForTestCase(java.lang.String, int, java.lang.String)[pri:0, instance:com.onco.webtests.ExistinguserFlowBookLabDiagnostic@42eca56e]" name="addResultForTestCase" is-config="true" duration-ms="0" started-at="2020-09-22T09:45:52Z" finished-at="2020-09-22T09:45:52Z">
          <exception class="org.testng.TestNGException">
            <message>
              <![CDATA[
Can inject only one of <ITestContext, XmlTest> into a @AfterClass annotated addResultForTestCase.
For more information on native dependency injection please refer to http://testng.org/doc/documentation-main.html#native-dependency-injection]]>
            </message>
            <full-stacktrace>
              <![CDATA[org.testng.TestNGException: 
Can inject only one of <ITestContext, XmlTest> into a @AfterClass annotated addResultForTestCase.
For more information on native dependency injection please refer to http://testng.org/doc/documentation-main.html#native-dependency-injection
at org.testng.internal.Parameters.checkParameterTypes(Parameters.java:407)
at org.testng.internal.Parameters.createParametersForMethod(Parameters.java:356)
at org.testng.internal.Parameters.createParameters(Parameters.java:635)
at org.testng.internal.Parameters.createConfigurationParameters(Parameters.java:190)
at org.testng.internal.Invoker.invokeConfigurations(Invoker.java:209)
at org.testng.internal.Invoker.invokeConfigurations(Invoker.java:142)
at org.testng.internal.TestMethodWorker.invokeAfterClassMethods(TestMethodWorker.java:214)
at org.testng.internal.TestMethodWorker.run(TestMethodWorker.java:111)
at org.testng.TestRunner.privateRun(TestRunner.java:648)
at org.testng.TestRunner.run(TestRunner.java:505)
at org.testng.SuiteRunner.runTest(SuiteRunner.java:455)
at org.testng.SuiteRunner.runSequentially(SuiteRunner.java:450)
at org.testng.SuiteRunner.privateRun(SuiteRunner.java:415)
at org.testng.SuiteRunner.run(SuiteRunner.java:364)
at org.testng.SuiteRunnerWorker.runSuite(SuiteRunnerWorker.java:52)
at org.testng.SuiteRunnerWorker.run(SuiteRunnerWorker.java:84)
at org.testng.TestNG.runSuitesSequentially(TestNG.java:1208)
at org.testng.TestNG.runSuitesLocally(TestNG.java:1137)
at org.testng.TestNG.runSuites(TestNG.java:1049)
at org.testng.TestNG.run(TestNG.java:1017)
at org.apache.maven.surefire.testng.TestNGExecutor.run(TestNGExecutor.java:283)
at org.apache.maven.surefire.testng.TestNGXmlTestSuite.execute(TestNGXmlTestSuite.java:75)
at org.apache.maven.surefire.testng.TestNGProvider.invoke(TestNGProvider.java:120)
at org.apache.maven.surefire.booter.ForkedBooter.runSuitesInProcess(ForkedBooter.java:377)
at org.apache.maven.surefire.booter.ForkedBooter.execute(ForkedBooter.java:138)
at org.apache.maven.surefire.booter.ForkedBooter.run(ForkedBooter.java:465)
at org.apache.maven.surefire.booter.ForkedBooter.main(ForkedBooter.java:451)
]]>
            </full-stacktrace>
          </exception> <!-- org.testng.TestNGException -->
          <reporter-output>
          </reporter-output>
        </test-method> <!-- addResultForTestCase -->
      </class> <!-- com.onco.webtests.ExistinguserFlowBookLabDiagnostic -->
      <class name="com.onco.webtests.NewUserINeedToBookADiagnosticTestRequestCallOnco">
        <test-method status="PASS" signature="openBrowser(java.lang.String, java.lang.String)[pri:0, instance:com.onco.webtests.NewUserINeedToBookADiagnosticTestRequestCallOnco@757942a1]" name="openBrowser" is-config="true" duration-ms="11381" started-at="2020-09-22T09:04:18Z" finished-at="2020-09-22T09:04:29Z">
          <params>
            <param index="0">
              <value>
                <![CDATA[chrome]]>
              </value>
            </param>
            <param index="1">
              <value>
                <![CDATA[https://backstage.onco.com/]]>
              </value>
            </param>
          </params>
          <reporter-output>
          </reporter-output>
        </test-method> <!-- openBrowser -->
        <test-method status="PASS" signature="NewUserSignupbookanpayatHospitalAppointmentWithFreeOpinion(java.lang.String, java.lang.String, java.lang.String, java.lang.String)[pri:4, instance:com.onco.webtests.NewUserINeedToBookADiagnosticTestRequestCallOnco@757942a1]" name="NewUserSignupbookanpayatHospitalAppointmentWithFreeOpinion" duration-ms="107833" started-at="2020-09-22T09:04:29Z" description="New user | I need to book a diagnostic test. TC_ID=C2581" finished-at="2020-09-22T09:06:17Z">
          <params>
            <param index="0">
              <value>
                <![CDATA[test_onco]]>
              </value>
            </param>
            <param index="1">
              <value>
                <![CDATA[manjunath.1001j@gmail.com]]>
              </value>
            </param>
            <param index="2">
              <value>
                <![CDATA[8310744975]]>
              </value>
            </param>
            <param index="3">
              <value>
                <![CDATA[4423]]>
              </value>
            </param>
          </params>
          <reporter-output>
          </reporter-output>
        </test-method> <!-- NewUserSignupbookanpayatHospitalAppointmentWithFreeOpinion -->
        <test-method status="PASS" signature="closedriver()[pri:0, instance:com.onco.webtests.NewUserINeedToBookADiagnosticTestRequestCallOnco@757942a1]" name="closedriver" is-config="true" duration-ms="176" started-at="2020-09-22T09:06:17Z" finished-at="2020-09-22T09:06:17Z">
          <reporter-output>
          </reporter-output>
        </test-method> <!-- closedriver -->
        <test-method status="PASS" signature="delete1()[pri:0, instance:com.onco.webtests.NewUserINeedToBookADiagnosticTestRequestCallOnco@757942a1]" name="delete1" is-config="true" duration-ms="671" started-at="2020-09-22T09:06:17Z" finished-at="2020-09-22T09:06:18Z">
          <reporter-output>
          </reporter-output>
        </test-method> <!-- delete1 -->
        <test-method status="FAIL" signature="addResultForTestCase(java.lang.String, int, java.lang.String)[pri:0, instance:com.onco.webtests.NewUserINeedToBookADiagnosticTestRequestCallOnco@757942a1]" name="addResultForTestCase" is-config="true" duration-ms="0" started-at="2020-09-22T09:06:18Z" finished-at="2020-09-22T09:06:18Z">
          <exception class="org.testng.TestNGException">
            <message>
              <![CDATA[
Can inject only one of <ITestContext, XmlTest> into a @AfterClass annotated addResultForTestCase.
For more information on native dependency injection please refer to http://testng.org/doc/documentation-main.html#native-dependency-injection]]>
            </message>
            <full-stacktrace>
              <![CDATA[org.testng.TestNGException: 
Can inject only one of <ITestContext, XmlTest> into a @AfterClass annotated addResultForTestCase.
For more information on native dependency injection please refer to http://testng.org/doc/documentation-main.html#native-dependency-injection
at org.testng.internal.Parameters.checkParameterTypes(Parameters.java:407)
at org.testng.internal.Parameters.createParametersForMethod(Parameters.java:356)
at org.testng.internal.Parameters.createParameters(Parameters.java:635)
at org.testng.internal.Parameters.createConfigurationParameters(Parameters.java:190)
at org.testng.internal.Invoker.invokeConfigurations(Invoker.java:209)
at org.testng.internal.Invoker.invokeConfigurations(Invoker.java:142)
at org.testng.internal.TestMethodWorker.invokeAfterClassMethods(TestMethodWorker.java:214)
at org.testng.internal.TestMethodWorker.run(TestMethodWorker.java:111)
at org.testng.TestRunner.privateRun(TestRunner.java:648)
at org.testng.TestRunner.run(TestRunner.java:505)
at org.testng.SuiteRunner.runTest(SuiteRunner.java:455)
at org.testng.SuiteRunner.runSequentially(SuiteRunner.java:450)
at org.testng.SuiteRunner.privateRun(SuiteRunner.java:415)
at org.testng.SuiteRunner.run(SuiteRunner.java:364)
at org.testng.SuiteRunnerWorker.runSuite(SuiteRunnerWorker.java:52)
at org.testng.SuiteRunnerWorker.run(SuiteRunnerWorker.java:84)
at org.testng.TestNG.runSuitesSequentially(TestNG.java:1208)
at org.testng.TestNG.runSuitesLocally(TestNG.java:1137)
at org.testng.TestNG.runSuites(TestNG.java:1049)
at org.testng.TestNG.run(TestNG.java:1017)
at org.apache.maven.surefire.testng.TestNGExecutor.run(TestNGExecutor.java:283)
at org.apache.maven.surefire.testng.TestNGXmlTestSuite.execute(TestNGXmlTestSuite.java:75)
at org.apache.maven.surefire.testng.TestNGProvider.invoke(TestNGProvider.java:120)
at org.apache.maven.surefire.booter.ForkedBooter.runSuitesInProcess(ForkedBooter.java:377)
at org.apache.maven.surefire.booter.ForkedBooter.execute(ForkedBooter.java:138)
at org.apache.maven.surefire.booter.ForkedBooter.run(ForkedBooter.java:465)
at org.apache.maven.surefire.booter.ForkedBooter.main(ForkedBooter.java:451)
]]>
            </full-stacktrace>
          </exception> <!-- org.testng.TestNGException -->
          <reporter-output>
          </reporter-output>
        </test-method> <!-- addResultForTestCase -->
      </class> <!-- com.onco.webtests.NewUserINeedToBookADiagnosticTestRequestCallOnco -->
      <class name="com.onco.webtests.ExistinguserFlowBookAppointment">
        <test-method status="PASS" signature="openBrowser(java.lang.String, java.lang.String)[pri:0, instance:com.onco.webtests.ExistinguserFlowBookAppointment@b7dd107]" name="openBrowser" is-config="true" duration-ms="5391" started-at="2020-09-22T09:36:24Z" finished-at="2020-09-22T09:36:29Z">
          <params>
            <param index="0">
              <value>
                <![CDATA[chrome]]>
              </value>
            </param>
            <param index="1">
              <value>
                <![CDATA[https://backstage.onco.com/]]>
              </value>
            </param>
          </params>
          <reporter-output>
          </reporter-output>
        </test-method> <!-- openBrowser -->
        <test-method status="PASS" signature="NewUserSignupbookanpayatHospitalAppointmentWithFreeOpinion(java.lang.String, java.lang.String, java.lang.String, java.lang.String)[pri:11, instance:com.onco.webtests.ExistinguserFlowBookAppointment@b7dd107]" name="NewUserSignupbookanpayatHospitalAppointmentWithFreeOpinion" duration-ms="261199" started-at="2020-09-22T09:36:29Z" description="ExistinguserFlowBookAppointment. TC_ID=C2606" finished-at="2020-09-22T09:40:50Z">
          <params>
            <param index="0">
              <value>
                <![CDATA[test_onco]]>
              </value>
            </param>
            <param index="1">
              <value>
                <![CDATA[manjunath.1001j@gmail.com]]>
              </value>
            </param>
            <param index="2">
              <value>
                <![CDATA[8310744975]]>
              </value>
            </param>
            <param index="3">
              <value>
                <![CDATA[4423]]>
              </value>
            </param>
          </params>
          <reporter-output>
          </reporter-output>
        </test-method> <!-- NewUserSignupbookanpayatHospitalAppointmentWithFreeOpinion -->
        <test-method status="PASS" signature="closedriver()[pri:0, instance:com.onco.webtests.ExistinguserFlowBookAppointment@b7dd107]" name="closedriver" is-config="true" duration-ms="175" started-at="2020-09-22T09:40:50Z" finished-at="2020-09-22T09:40:51Z">
          <reporter-output>
          </reporter-output>
        </test-method> <!-- closedriver -->
        <test-method status="FAIL" signature="addResultForTestCase(java.lang.String, int, java.lang.String)[pri:0, instance:com.onco.webtests.ExistinguserFlowBookAppointment@b7dd107]" name="addResultForTestCase" is-config="true" duration-ms="0" started-at="2020-09-22T09:40:51Z" finished-at="2020-09-22T09:40:51Z">
          <exception class="org.testng.TestNGException">
            <message>
              <![CDATA[
Can inject only one of <ITestContext, XmlTest> into a @AfterClass annotated addResultForTestCase.
For more information on native dependency injection please refer to http://testng.org/doc/documentation-main.html#native-dependency-injection]]>
            </message>
            <full-stacktrace>
              <![CDATA[org.testng.TestNGException: 
Can inject only one of <ITestContext, XmlTest> into a @AfterClass annotated addResultForTestCase.
For more information on native dependency injection please refer to http://testng.org/doc/documentation-main.html#native-dependency-injection
at org.testng.internal.Parameters.checkParameterTypes(Parameters.java:407)
at org.testng.internal.Parameters.createParametersForMethod(Parameters.java:356)
at org.testng.internal.Parameters.createParameters(Parameters.java:635)
at org.testng.internal.Parameters.createConfigurationParameters(Parameters.java:190)
at org.testng.internal.Invoker.invokeConfigurations(Invoker.java:209)
at org.testng.internal.Invoker.invokeConfigurations(Invoker.java:142)
at org.testng.internal.TestMethodWorker.invokeAfterClassMethods(TestMethodWorker.java:214)
at org.testng.internal.TestMethodWorker.run(TestMethodWorker.java:111)
at org.testng.TestRunner.privateRun(TestRunner.java:648)
at org.testng.TestRunner.run(TestRunner.java:505)
at org.testng.SuiteRunner.runTest(SuiteRunner.java:455)
at org.testng.SuiteRunner.runSequentially(SuiteRunner.java:450)
at org.testng.SuiteRunner.privateRun(SuiteRunner.java:415)
at org.testng.SuiteRunner.run(SuiteRunner.java:364)
at org.testng.SuiteRunnerWorker.runSuite(SuiteRunnerWorker.java:52)
at org.testng.SuiteRunnerWorker.run(SuiteRunnerWorker.java:84)
at org.testng.TestNG.runSuitesSequentially(TestNG.java:1208)
at org.testng.TestNG.runSuitesLocally(TestNG.java:1137)
at org.testng.TestNG.runSuites(TestNG.java:1049)
at org.testng.TestNG.run(TestNG.java:1017)
at org.apache.maven.surefire.testng.TestNGExecutor.run(TestNGExecutor.java:283)
at org.apache.maven.surefire.testng.TestNGXmlTestSuite.execute(TestNGXmlTestSuite.java:75)
at org.apache.maven.surefire.testng.TestNGProvider.invoke(TestNGProvider.java:120)
at org.apache.maven.surefire.booter.ForkedBooter.runSuitesInProcess(ForkedBooter.java:377)
at org.apache.maven.surefire.booter.ForkedBooter.execute(ForkedBooter.java:138)
at org.apache.maven.surefire.booter.ForkedBooter.run(ForkedBooter.java:465)
at org.apache.maven.surefire.booter.ForkedBooter.main(ForkedBooter.java:451)
]]>
            </full-stacktrace>
          </exception> <!-- org.testng.TestNGException -->
          <reporter-output>
          </reporter-output>
        </test-method> <!-- addResultForTestCase -->
      </class> <!-- com.onco.webtests.ExistinguserFlowBookAppointment -->
      <class name="com.onco.webtests.NewUserUPIpaymentIWantToTalkToOncologist">
        <test-method status="PASS" signature="openBrowser(java.lang.String, java.lang.String)[pri:0, instance:com.onco.webtests.NewUserUPIpaymentIWantToTalkToOncologist@6950e31]" name="openBrowser" is-config="true" duration-ms="3156" started-at="2020-09-22T09:33:39Z" finished-at="2020-09-22T09:33:42Z">
          <params>
            <param index="0">
              <value>
                <![CDATA[chrome]]>
              </value>
            </param>
            <param index="1">
              <value>
                <![CDATA[https://backstage.onco.com/]]>
              </value>
            </param>
          </params>
          <reporter-output>
          </reporter-output>
        </test-method> <!-- openBrowser -->
        <test-method status="PASS" signature="NewUserSignupbookanpayatHospitalAppointmentWithFreeOpinion(java.lang.String, java.lang.String, java.lang.String, java.lang.String, java.lang.String)[pri:11, instance:com.onco.webtests.NewUserUPIpaymentIWantToTalkToOncologist@6950e31]" name="NewUserSignupbookanpayatHospitalAppointmentWithFreeOpinion" duration-ms="161313" started-at="2020-09-22T09:33:42Z" description="New user | I want to talk to an Oncologist without coupon. TC_ID=C3073" finished-at="2020-09-22T09:36:24Z">
          <params>
            <param index="0">
              <value>
                <![CDATA[test_onco]]>
              </value>
            </param>
            <param index="1">
              <value>
                <![CDATA[manjunath.1001j@gmail.com]]>
              </value>
            </param>
            <param index="2">
              <value>
                <![CDATA[8310744975]]>
              </value>
            </param>
            <param index="3">
              <value>
                <![CDATA[4423]]>
              </value>
            </param>
            <param index="4">
              <value>
                <![CDATA[my requirments]]>
              </value>
            </param>
          </params>
          <reporter-output>
          </reporter-output>
        </test-method> <!-- NewUserSignupbookanpayatHospitalAppointmentWithFreeOpinion -->
        <test-method status="PASS" signature="closedriver()[pri:0, instance:com.onco.webtests.NewUserUPIpaymentIWantToTalkToOncologist@6950e31]" name="closedriver" is-config="true" duration-ms="164" started-at="2020-09-22T09:36:24Z" finished-at="2020-09-22T09:36:24Z">
          <reporter-output>
          </reporter-output>
        </test-method> <!-- closedriver -->
        <test-method status="FAIL" signature="addResultForTestCase(java.lang.String, int, java.lang.String)[pri:0, instance:com.onco.webtests.NewUserUPIpaymentIWantToTalkToOncologist@6950e31]" name="addResultForTestCase" is-config="true" duration-ms="0" started-at="2020-09-22T09:36:24Z" finished-at="2020-09-22T09:36:24Z">
          <exception class="org.testng.TestNGException">
            <message>
              <![CDATA[
Can inject only one of <ITestContext, XmlTest> into a @AfterClass annotated addResultForTestCase.
For more information on native dependency injection please refer to http://testng.org/doc/documentation-main.html#native-dependency-injection]]>
            </message>
            <full-stacktrace>
              <![CDATA[org.testng.TestNGException: 
Can inject only one of <ITestContext, XmlTest> into a @AfterClass annotated addResultForTestCase.
For more information on native dependency injection please refer to http://testng.org/doc/documentation-main.html#native-dependency-injection
at org.testng.internal.Parameters.checkParameterTypes(Parameters.java:407)
at org.testng.internal.Parameters.createParametersForMethod(Parameters.java:356)
at org.testng.internal.Parameters.createParameters(Parameters.java:635)
at org.testng.internal.Parameters.createConfigurationParameters(Parameters.java:190)
at org.testng.internal.Invoker.invokeConfigurations(Invoker.java:209)
at org.testng.internal.Invoker.invokeConfigurations(Invoker.java:142)
at org.testng.internal.TestMethodWorker.invokeAfterClassMethods(TestMethodWorker.java:214)
at org.testng.internal.TestMethodWorker.run(TestMethodWorker.java:111)
at org.testng.TestRunner.privateRun(TestRunner.java:648)
at org.testng.TestRunner.run(TestRunner.java:505)
at org.testng.SuiteRunner.runTest(SuiteRunner.java:455)
at org.testng.SuiteRunner.runSequentially(SuiteRunner.java:450)
at org.testng.SuiteRunner.privateRun(SuiteRunner.java:415)
at org.testng.SuiteRunner.run(SuiteRunner.java:364)
at org.testng.SuiteRunnerWorker.runSuite(SuiteRunnerWorker.java:52)
at org.testng.SuiteRunnerWorker.run(SuiteRunnerWorker.java:84)
at org.testng.TestNG.runSuitesSequentially(TestNG.java:1208)
at org.testng.TestNG.runSuitesLocally(TestNG.java:1137)
at org.testng.TestNG.runSuites(TestNG.java:1049)
at org.testng.TestNG.run(TestNG.java:1017)
at org.apache.maven.surefire.testng.TestNGExecutor.run(TestNGExecutor.java:283)
at org.apache.maven.surefire.testng.TestNGXmlTestSuite.execute(TestNGXmlTestSuite.java:75)
at org.apache.maven.surefire.testng.TestNGProvider.invoke(TestNGProvider.java:120)
at org.apache.maven.surefire.booter.ForkedBooter.runSuitesInProcess(ForkedBooter.java:377)
at org.apache.maven.surefire.booter.ForkedBooter.execute(ForkedBooter.java:138)
at org.apache.maven.surefire.booter.ForkedBooter.run(ForkedBooter.java:465)
at org.apache.maven.surefire.booter.ForkedBooter.main(ForkedBooter.java:451)
]]>
            </full-stacktrace>
          </exception> <!-- org.testng.TestNGException -->
          <reporter-output>
          </reporter-output>
        </test-method> <!-- addResultForTestCase -->
      </class> <!-- com.onco.webtests.NewUserUPIpaymentIWantToTalkToOncologist -->
      <class name="com.onco.webtests.NewUserSignupBookonPriorityAppointment">
        <test-method status="PASS" signature="openBrowser(java.lang.String, java.lang.String)[pri:0, instance:com.onco.webtests.NewUserSignupBookonPriorityAppointment@4671e53b]" name="openBrowser" is-config="true" duration-ms="6513" started-at="2020-09-22T09:27:39Z" finished-at="2020-09-22T09:27:45Z">
          <params>
            <param index="0">
              <value>
                <![CDATA[chrome]]>
              </value>
            </param>
            <param index="1">
              <value>
                <![CDATA[https://backstage.onco.com/]]>
              </value>
            </param>
          </params>
          <reporter-output>
          </reporter-output>
        </test-method> <!-- openBrowser -->
        <test-method status="FAIL" signature="NewUserSignupbookanpayatHospitalAppointmentWithFreeOpinion(java.lang.String, java.lang.String, java.lang.String, java.lang.String, java.lang.String)[pri:9, instance:com.onco.webtests.NewUserSignupBookonPriorityAppointment@4671e53b]" name="NewUserSignupbookanpayatHospitalAppointmentWithFreeOpinion" duration-ms="229833" started-at="2020-09-22T09:27:45Z" description="New User Signup- Book on priority appointment . TC_ID=C2579" finished-at="2020-09-22T09:31:35Z">
          <params>
            <param index="0">
              <value>
                <![CDATA[test_onco]]>
              </value>
            </param>
            <param index="1">
              <value>
                <![CDATA[manjunath.1001j@gmail.com]]>
              </value>
            </param>
            <param index="2">
              <value>
                <![CDATA[8310744975]]>
              </value>
            </param>
            <param index="3">
              <value>
                <![CDATA[4423]]>
              </value>
            </param>
            <param index="4">
              <value>
                <![CDATA[test_test]]>
              </value>
            </param>
          </params>
          <exception class="org.openqa.selenium.NoSuchElementException">
            <message>
              <![CDATA[no such element: Unable to locate element: {"method":"xpath","selector":"//div[contains(text(),'GET NOW')]"}
  (Session info: chrome=85.0.4183.102)
For documentation on this error, please visit: https://www.seleniumhq.org/exceptions/no_such_element.html
Build info: version: '3.141.59', revision: 'e82be7d358', time: '2018-11-14T08:17:03'
System info: host: 'Manjunaths-MBP', ip: '2409:4071:2089:d6a2:b5af:7b07:a08d:9046%en0', os.name: 'Mac OS X', os.arch: 'x86_64', os.version: '10.15.6', java.version: '1.8.0_231'
Driver info: org.openqa.selenium.chrome.ChromeDriver
Capabilities {acceptInsecureCerts: false, browserName: chrome, browserVersion: 85.0.4183.102, chrome: {chromedriverVersion: 85.0.4183.87 (cd6713ebf92fa..., userDataDir: /var/folders/p6/cbrrv70s47j...}, goog:chromeOptions: {debuggerAddress: localhost:50055}, javascriptEnabled: true, networkConnectionEnabled: false, pageLoadStrategy: none, platform: MAC, platformName: MAC, proxy: Proxy(), setWindowRect: true, strictFileInteractability: false, timeouts: {implicit: 0, pageLoad: 300000, script: 30000}, unhandledPromptBehavior: dismiss and notify, webauthn:virtualAuthenticators: true}
Session ID: c222774371ed5a7293e66dd101085682
*** Element info: {Using=xpath, value=//div[contains(text(),'GET NOW')]}]]>
            </message>
            <full-stacktrace>
              <![CDATA[org.openqa.selenium.NoSuchElementException: no such element: Unable to locate element: {"method":"xpath","selector":"//div[contains(text(),'GET NOW')]"}
  (Session info: chrome=85.0.4183.102)
For documentation on this error, please visit: https://www.seleniumhq.org/exceptions/no_such_element.html
Build info: version: '3.141.59', revision: 'e82be7d358', time: '2018-11-14T08:17:03'
System info: host: 'Manjunaths-MBP', ip: '2409:4071:2089:d6a2:b5af:7b07:a08d:9046%en0', os.name: 'Mac OS X', os.arch: 'x86_64', os.version: '10.15.6', java.version: '1.8.0_231'
Driver info: org.openqa.selenium.chrome.ChromeDriver
Capabilities {acceptInsecureCerts: false, browserName: chrome, browserVersion: 85.0.4183.102, chrome: {chromedriverVersion: 85.0.4183.87 (cd6713ebf92fa..., userDataDir: /var/folders/p6/cbrrv70s47j...}, goog:chromeOptions: {debuggerAddress: localhost:50055}, javascriptEnabled: true, networkConnectionEnabled: false, pageLoadStrategy: none, platform: MAC, platformName: MAC, proxy: Proxy(), setWindowRect: true, strictFileInteractability: false, timeouts: {implicit: 0, pageLoad: 300000, script: 30000}, unhandledPromptBehavior: dismiss and notify, webauthn:virtualAuthenticators: true}
Session ID: c222774371ed5a7293e66dd101085682
*** Element info: {Using=xpath, value=//div[contains(text(),'GET NOW')]}
at sun.reflect.NativeConstructorAccessorImpl.newInstance0(Native Method)
at sun.reflect.NativeConstructorAccessorImpl.newInstance(NativeConstructorAccessorImpl.java:62)
at sun.reflect.DelegatingConstructorAccessorImpl.newInstance(DelegatingConstructorAccessorImpl.java:45)
at java.lang.reflect.Constructor.newInstance(Constructor.java:423)
at org.openqa.selenium.remote.http.W3CHttpResponseCodec.createException(W3CHttpResponseCodec.java:187)
at org.openqa.selenium.remote.http.W3CHttpResponseCodec.decode(W3CHttpResponseCodec.java:122)
at org.openqa.selenium.remote.http.W3CHttpResponseCodec.decode(W3CHttpResponseCodec.java:49)
at org.openqa.selenium.remote.HttpCommandExecutor.execute(HttpCommandExecutor.java:158)
at org.openqa.selenium.remote.service.DriverCommandExecutor.execute(DriverCommandExecutor.java:83)
at org.openqa.selenium.remote.RemoteWebDriver.execute(RemoteWebDriver.java:552)
at org.openqa.selenium.remote.RemoteWebDriver.findElement(RemoteWebDriver.java:323)
at org.openqa.selenium.remote.RemoteWebDriver.findElementByXPath(RemoteWebDriver.java:428)
at org.openqa.selenium.By$ByXPath.findElement(By.java:353)
at org.openqa.selenium.remote.RemoteWebDriver.findElement(RemoteWebDriver.java:315)
at org.openqa.selenium.support.pagefactory.DefaultElementLocator.findElement(DefaultElementLocator.java:69)
at org.openqa.selenium.support.pagefactory.internal.LocatingElementHandler.invoke(LocatingElementHandler.java:38)
at com.sun.proxy.$Proxy9.click(Unknown Source)
at com.onco.pages.ThankYou.getnow(ThankYou.java:38)
at com.onco.webtests.NewUserSignupBookonPriorityAppointment.NewUserSignupbookanpayatHospitalAppointmentWithFreeOpinion(NewUserSignupBookonPriorityAppointment.java:67)
at sun.reflect.NativeMethodAccessorImpl.invoke0(Native Method)
at sun.reflect.NativeMethodAccessorImpl.invoke(NativeMethodAccessorImpl.java:62)
at sun.reflect.DelegatingMethodAccessorImpl.invoke(DelegatingMethodAccessorImpl.java:43)
at java.lang.reflect.Method.invoke(Method.java:498)
at org.testng.internal.MethodInvocationHelper.invokeMethod(MethodInvocationHelper.java:124)
at org.testng.internal.Invoker.invokeMethod(Invoker.java:583)
at org.testng.internal.Invoker.invokeTestMethod(Invoker.java:719)
at org.testng.internal.Invoker.invokeTestMethods(Invoker.java:989)
at org.testng.internal.TestMethodWorker.invokeTestMethods(TestMethodWorker.java:125)
at org.testng.internal.TestMethodWorker.run(TestMethodWorker.java:109)
at org.testng.TestRunner.privateRun(TestRunner.java:648)
at org.testng.TestRunner.run(TestRunner.java:505)
at org.testng.SuiteRunner.runTest(SuiteRunner.java:455)
at org.testng.SuiteRunner.runSequentially(SuiteRunner.java:450)
at org.testng.SuiteRunner.privateRun(SuiteRunner.java:415)
at org.testng.SuiteRunner.run(SuiteRunner.java:364)
at org.testng.SuiteRunnerWorker.runSuite(SuiteRunnerWorker.java:52)
at org.testng.SuiteRunnerWorker.run(SuiteRunnerWorker.java:84)
at org.testng.TestNG.runSuitesSequentially(TestNG.java:1208)
at org.testng.TestNG.runSuitesLocally(TestNG.java:1137)
at org.testng.TestNG.runSuites(TestNG.java:1049)
at org.testng.TestNG.run(TestNG.java:1017)
at org.apache.maven.surefire.testng.TestNGExecutor.run(TestNGExecutor.java:283)
at org.apache.maven.surefire.testng.TestNGXmlTestSuite.execute(TestNGXmlTestSuite.java:75)
at org.apache.maven.surefire.testng.TestNGProvider.invoke(TestNGProvider.java:120)
at org.apache.maven.surefire.booter.ForkedBooter.runSuitesInProcess(ForkedBooter.java:377)
at org.apache.maven.surefire.booter.ForkedBooter.execute(ForkedBooter.java:138)
at org.apache.maven.surefire.booter.ForkedBooter.run(ForkedBooter.java:465)
at org.apache.maven.surefire.booter.ForkedBooter.main(ForkedBooter.java:451)
]]>
            </full-stacktrace>
          </exception> <!-- org.openqa.selenium.NoSuchElementException -->
          <reporter-output>
          </reporter-output>
        </test-method> <!-- NewUserSignupbookanpayatHospitalAppointmentWithFreeOpinion -->
        <test-method status="PASS" signature="closedriver()[pri:0, instance:com.onco.webtests.NewUserSignupBookonPriorityAppointment@4671e53b]" name="closedriver" is-config="true" duration-ms="188" started-at="2020-09-22T09:31:35Z" finished-at="2020-09-22T09:31:35Z">
          <reporter-output>
          </reporter-output>
        </test-method> <!-- closedriver -->
        <test-method status="PASS" signature="delete1()[pri:0, instance:com.onco.webtests.NewUserSignupBookonPriorityAppointment@4671e53b]" name="delete1" is-config="true" duration-ms="688" started-at="2020-09-22T09:31:35Z" finished-at="2020-09-22T09:31:36Z">
          <reporter-output>
          </reporter-output>
        </test-method> <!-- delete1 -->
        <test-method status="FAIL" signature="addResultForTestCase(java.lang.String, int, java.lang.String)[pri:0, instance:com.onco.webtests.NewUserSignupBookonPriorityAppointment@4671e53b]" name="addResultForTestCase" is-config="true" duration-ms="0" started-at="2020-09-22T09:31:36Z" finished-at="2020-09-22T09:31:36Z">
          <exception class="org.testng.TestNGException">
            <message>
              <![CDATA[
Can inject only one of <ITestContext, XmlTest> into a @AfterClass annotated addResultForTestCase.
For more information on native dependency injection please refer to http://testng.org/doc/documentation-main.html#native-dependency-injection]]>
            </message>
            <full-stacktrace>
              <![CDATA[org.testng.TestNGException: 
Can inject only one of <ITestContext, XmlTest> into a @AfterClass annotated addResultForTestCase.
For more information on native dependency injection please refer to http://testng.org/doc/documentation-main.html#native-dependency-injection
at org.testng.internal.Parameters.checkParameterTypes(Parameters.java:407)
at org.testng.internal.Parameters.createParametersForMethod(Parameters.java:356)
at org.testng.internal.Parameters.createParameters(Parameters.java:635)
at org.testng.internal.Parameters.createConfigurationParameters(Parameters.java:190)
at org.testng.internal.Invoker.invokeConfigurations(Invoker.java:209)
at org.testng.internal.Invoker.invokeConfigurations(Invoker.java:142)
at org.testng.internal.TestMethodWorker.invokeAfterClassMethods(TestMethodWorker.java:214)
at org.testng.internal.TestMethodWorker.run(TestMethodWorker.java:111)
at org.testng.TestRunner.privateRun(TestRunner.java:648)
at org.testng.TestRunner.run(TestRunner.java:505)
at org.testng.SuiteRunner.runTest(SuiteRunner.java:455)
at org.testng.SuiteRunner.runSequentially(SuiteRunner.java:450)
at org.testng.SuiteRunner.privateRun(SuiteRunner.java:415)
at org.testng.SuiteRunner.run(SuiteRunner.java:364)
at org.testng.SuiteRunnerWorker.runSuite(SuiteRunnerWorker.java:52)
at org.testng.SuiteRunnerWorker.run(SuiteRunnerWorker.java:84)
at org.testng.TestNG.runSuitesSequentially(TestNG.java:1208)
at org.testng.TestNG.runSuitesLocally(TestNG.java:1137)
at org.testng.TestNG.runSuites(TestNG.java:1049)
at org.testng.TestNG.run(TestNG.java:1017)
at org.apache.maven.surefire.testng.TestNGExecutor.run(TestNGExecutor.java:283)
at org.apache.maven.surefire.testng.TestNGXmlTestSuite.execute(TestNGXmlTestSuite.java:75)
at org.apache.maven.surefire.testng.TestNGProvider.invoke(TestNGProvider.java:120)
at org.apache.maven.surefire.booter.ForkedBooter.runSuitesInProcess(ForkedBooter.java:377)
at org.apache.maven.surefire.booter.ForkedBooter.execute(ForkedBooter.java:138)
at org.apache.maven.surefire.booter.ForkedBooter.run(ForkedBooter.java:465)
at org.apache.maven.surefire.booter.ForkedBooter.main(ForkedBooter.java:451)
]]>
            </full-stacktrace>
          </exception> <!-- org.testng.TestNGException -->
          <reporter-output>
          </reporter-output>
        </test-method> <!-- addResultForTestCase -->
      </class> <!-- com.onco.webtests.NewUserSignupBookonPriorityAppointment -->
      <class name="com.onco.webtests.NewUserIWantToTalkToAnOncologistWithCoupon">
        <test-method status="PASS" signature="openBrowser(java.lang.String, java.lang.String)[pri:0, instance:com.onco.webtests.NewUserIWantToTalkToAnOncologistWithCoupon@4a87761d]" name="openBrowser" is-config="true" duration-ms="11752" started-at="2020-09-22T09:06:18Z" finished-at="2020-09-22T09:06:29Z">
          <params>
            <param index="0">
              <value>
                <![CDATA[chrome]]>
              </value>
            </param>
            <param index="1">
              <value>
                <![CDATA[https://backstage.onco.com/]]>
              </value>
            </param>
          </params>
          <reporter-output>
          </reporter-output>
        </test-method> <!-- openBrowser -->
        <test-method status="PASS" signature="NewUserSignupbookanpayatHospitalAppointmentWithFreeOpinion(java.lang.String, java.lang.String, java.lang.String, java.lang.String, java.lang.String)[pri:5, instance:com.onco.webtests.NewUserIWantToTalkToAnOncologistWithCoupon@4a87761d]" name="NewUserSignupbookanpayatHospitalAppointmentWithFreeOpinion" duration-ms="200066" started-at="2020-09-22T09:06:29Z" description="New user | I want to talk to an Oncologist without coupon. TC_ID=C2577" finished-at="2020-09-22T09:09:50Z">
          <params>
            <param index="0">
              <value>
                <![CDATA[test_onco]]>
              </value>
            </param>
            <param index="1">
              <value>
                <![CDATA[manjunath.1001j@gmail.com]]>
              </value>
            </param>
            <param index="2">
              <value>
                <![CDATA[8310744975]]>
              </value>
            </param>
            <param index="3">
              <value>
                <![CDATA[4423]]>
              </value>
            </param>
            <param index="4">
              <value>
                <![CDATA[my requirments]]>
              </value>
            </param>
          </params>
          <reporter-output>
          </reporter-output>
        </test-method> <!-- NewUserSignupbookanpayatHospitalAppointmentWithFreeOpinion -->
        <test-method status="PASS" signature="closedriver()[pri:0, instance:com.onco.webtests.NewUserIWantToTalkToAnOncologistWithCoupon@4a87761d]" name="closedriver" is-config="true" duration-ms="181" started-at="2020-09-22T09:09:50Z" finished-at="2020-09-22T09:09:50Z">
          <reporter-output>
          </reporter-output>
        </test-method> <!-- closedriver -->
        <test-method status="PASS" signature="delete1()[pri:0, instance:com.onco.webtests.NewUserIWantToTalkToAnOncologistWithCoupon@4a87761d]" name="delete1" is-config="true" duration-ms="838" started-at="2020-09-22T09:09:50Z" finished-at="2020-09-22T09:09:51Z">
          <reporter-output>
          </reporter-output>
        </test-method> <!-- delete1 -->
        <test-method status="FAIL" signature="addResultForTestCase(java.lang.String, int, java.lang.String)[pri:0, instance:com.onco.webtests.NewUserIWantToTalkToAnOncologistWithCoupon@4a87761d]" name="addResultForTestCase" is-config="true" duration-ms="0" started-at="2020-09-22T09:09:51Z" finished-at="2020-09-22T09:09:51Z">
          <exception class="org.testng.TestNGException">
            <message>
              <![CDATA[
Can inject only one of <ITestContext, XmlTest> into a @AfterClass annotated addResultForTestCase.
For more information on native dependency injection please refer to http://testng.org/doc/documentation-main.html#native-dependency-injection]]>
            </message>
            <full-stacktrace>
              <![CDATA[org.testng.TestNGException: 
Can inject only one of <ITestContext, XmlTest> into a @AfterClass annotated addResultForTestCase.
For more information on native dependency injection please refer to http://testng.org/doc/documentation-main.html#native-dependency-injection
at org.testng.internal.Parameters.checkParameterTypes(Parameters.java:407)
at org.testng.internal.Parameters.createParametersForMethod(Parameters.java:356)
at org.testng.internal.Parameters.createParameters(Parameters.java:635)
at org.testng.internal.Parameters.createConfigurationParameters(Parameters.java:190)
at org.testng.internal.Invoker.invokeConfigurations(Invoker.java:209)
at org.testng.internal.Invoker.invokeConfigurations(Invoker.java:142)
at org.testng.internal.TestMethodWorker.invokeAfterClassMethods(TestMethodWorker.java:214)
at org.testng.internal.TestMethodWorker.run(TestMethodWorker.java:111)
at org.testng.TestRunner.privateRun(TestRunner.java:648)
at org.testng.TestRunner.run(TestRunner.java:505)
at org.testng.SuiteRunner.runTest(SuiteRunner.java:455)
at org.testng.SuiteRunner.runSequentially(SuiteRunner.java:450)
at org.testng.SuiteRunner.privateRun(SuiteRunner.java:415)
at org.testng.SuiteRunner.run(SuiteRunner.java:364)
at org.testng.SuiteRunnerWorker.runSuite(SuiteRunnerWorker.java:52)
at org.testng.SuiteRunnerWorker.run(SuiteRunnerWorker.java:84)
at org.testng.TestNG.runSuitesSequentially(TestNG.java:1208)
at org.testng.TestNG.runSuitesLocally(TestNG.java:1137)
at org.testng.TestNG.runSuites(TestNG.java:1049)
at org.testng.TestNG.run(TestNG.java:1017)
at org.apache.maven.surefire.testng.TestNGExecutor.run(TestNGExecutor.java:283)
at org.apache.maven.surefire.testng.TestNGXmlTestSuite.execute(TestNGXmlTestSuite.java:75)
at org.apache.maven.surefire.testng.TestNGProvider.invoke(TestNGProvider.java:120)
at org.apache.maven.surefire.booter.ForkedBooter.runSuitesInProcess(ForkedBooter.java:377)
at org.apache.maven.surefire.booter.ForkedBooter.execute(ForkedBooter.java:138)
at org.apache.maven.surefire.booter.ForkedBooter.run(ForkedBooter.java:465)
at org.apache.maven.surefire.booter.ForkedBooter.main(ForkedBooter.java:451)
]]>
            </full-stacktrace>
          </exception> <!-- org.testng.TestNGException -->
          <reporter-output>
          </reporter-output>
        </test-method> <!-- addResultForTestCase -->
      </class> <!-- com.onco.webtests.NewUserIWantToTalkToAnOncologistWithCoupon -->
      <class name="com.onco.webtests.ExistinguserFlowIamconfusedineedhelpingettingstartedYesiamdiagnoisedwithcancer">
        <test-method status="PASS" signature="openBrowser(java.lang.String, java.lang.String)[pri:0, instance:com.onco.webtests.ExistinguserFlowIamconfusedineedhelpingettingstartedYesiamdiagnoisedwithcancer@7cbd213e]" name="openBrowser" is-config="true" duration-ms="5285" started-at="2020-09-22T09:47:44Z" finished-at="2020-09-22T09:47:49Z">
          <params>
            <param index="0">
              <value>
                <![CDATA[chrome]]>
              </value>
            </param>
            <param index="1">
              <value>
                <![CDATA[https://backstage.onco.com/]]>
              </value>
            </param>
          </params>
          <reporter-output>
          </reporter-output>
        </test-method> <!-- openBrowser -->
        <test-method status="PASS" signature="NewUserSignupbookanpayatHospitalAppointmentWithFreeOpinion(java.lang.String, java.lang.String, java.lang.String)[pri:14, instance:com.onco.webtests.ExistinguserFlowIamconfusedineedhelpingettingstartedYesiamdiagnoisedwithcancer@7cbd213e]" name="NewUserSignupbookanpayatHospitalAppointmentWithFreeOpinion" duration-ms="494783" started-at="2020-09-22T09:47:49Z" description="Existing user Flow | I am confused i need help in getting started yes i am diagnoised with cancer TC_ID=C2609" finished-at="2020-09-22T09:56:04Z">
          <params>
            <param index="0">
              <value>
                <![CDATA[8310744975]]>
              </value>
            </param>
            <param index="1">
              <value>
                <![CDATA[test_onco]]>
              </value>
            </param>
            <param index="2">
              <value>
                <![CDATA[4423]]>
              </value>
            </param>
          </params>
          <reporter-output>
          </reporter-output>
        </test-method> <!-- NewUserSignupbookanpayatHospitalAppointmentWithFreeOpinion -->
        <test-method status="PASS" signature="closedriver()[pri:0, instance:com.onco.webtests.ExistinguserFlowIamconfusedineedhelpingettingstartedYesiamdiagnoisedwithcancer@7cbd213e]" name="closedriver" is-config="true" duration-ms="116" started-at="2020-09-22T09:56:04Z" finished-at="2020-09-22T09:56:04Z">
          <reporter-output>
          </reporter-output>
        </test-method> <!-- closedriver -->
        <test-method status="PASS" signature="delete1()[pri:0, instance:com.onco.webtests.ExistinguserFlowIamconfusedineedhelpingettingstartedYesiamdiagnoisedwithcancer@7cbd213e]" name="delete1" is-config="true" duration-ms="857" started-at="2020-09-22T09:56:04Z" finished-at="2020-09-22T09:56:05Z">
          <reporter-output>
          </reporter-output>
        </test-method> <!-- delete1 -->
        <test-method status="FAIL" signature="addResultForTestCase(java.lang.String, int, java.lang.String)[pri:0, instance:com.onco.webtests.ExistinguserFlowIamconfusedineedhelpingettingstartedYesiamdiagnoisedwithcancer@7cbd213e]" name="addResultForTestCase" is-config="true" duration-ms="0" started-at="2020-09-22T09:56:05Z" finished-at="2020-09-22T09:56:05Z">
          <exception class="org.testng.TestNGException">
            <message>
              <![CDATA[
Can inject only one of <ITestContext, XmlTest> into a @AfterClass annotated addResultForTestCase.
For more information on native dependency injection please refer to http://testng.org/doc/documentation-main.html#native-dependency-injection]]>
            </message>
            <full-stacktrace>
              <![CDATA[org.testng.TestNGException: 
Can inject only one of <ITestContext, XmlTest> into a @AfterClass annotated addResultForTestCase.
For more information on native dependency injection please refer to http://testng.org/doc/documentation-main.html#native-dependency-injection
at org.testng.internal.Parameters.checkParameterTypes(Parameters.java:407)
at org.testng.internal.Parameters.createParametersForMethod(Parameters.java:356)
at org.testng.internal.Parameters.createParameters(Parameters.java:635)
at org.testng.internal.Parameters.createConfigurationParameters(Parameters.java:190)
at org.testng.internal.Invoker.invokeConfigurations(Invoker.java:209)
at org.testng.internal.Invoker.invokeConfigurations(Invoker.java:142)
at org.testng.internal.TestMethodWorker.invokeAfterClassMethods(TestMethodWorker.java:214)
at org.testng.internal.TestMethodWorker.run(TestMethodWorker.java:111)
at org.testng.TestRunner.privateRun(TestRunner.java:648)
at org.testng.TestRunner.run(TestRunner.java:505)
at org.testng.SuiteRunner.runTest(SuiteRunner.java:455)
at org.testng.SuiteRunner.runSequentially(SuiteRunner.java:450)
at org.testng.SuiteRunner.privateRun(SuiteRunner.java:415)
at org.testng.SuiteRunner.run(SuiteRunner.java:364)
at org.testng.SuiteRunnerWorker.runSuite(SuiteRunnerWorker.java:52)
at org.testng.SuiteRunnerWorker.run(SuiteRunnerWorker.java:84)
at org.testng.TestNG.runSuitesSequentially(TestNG.java:1208)
at org.testng.TestNG.runSuitesLocally(TestNG.java:1137)
at org.testng.TestNG.runSuites(TestNG.java:1049)
at org.testng.TestNG.run(TestNG.java:1017)
at org.apache.maven.surefire.testng.TestNGExecutor.run(TestNGExecutor.java:283)
at org.apache.maven.surefire.testng.TestNGXmlTestSuite.execute(TestNGXmlTestSuite.java:75)
at org.apache.maven.surefire.testng.TestNGProvider.invoke(TestNGProvider.java:120)
at org.apache.maven.surefire.booter.ForkedBooter.runSuitesInProcess(ForkedBooter.java:377)
at org.apache.maven.surefire.booter.ForkedBooter.execute(ForkedBooter.java:138)
at org.apache.maven.surefire.booter.ForkedBooter.run(ForkedBooter.java:465)
at org.apache.maven.surefire.booter.ForkedBooter.main(ForkedBooter.java:451)
]]>
            </full-stacktrace>
          </exception> <!-- org.testng.TestNGException -->
          <reporter-output>
          </reporter-output>
        </test-method> <!-- addResultForTestCase -->
      </class> <!-- com.onco.webtests.ExistinguserFlowIamconfusedineedhelpingettingstartedYesiamdiagnoisedwithcancer -->
      <class name="com.onco.webtests.NewUserINeedToBookADiagnosticTest">
        <test-method status="PASS" signature="openBrowser(java.lang.String, java.lang.String)[pri:0, instance:com.onco.webtests.NewUserINeedToBookADiagnosticTest@69b0fd6f]" name="openBrowser" is-config="true" duration-ms="11410" started-at="2020-09-22T09:01:25Z" finished-at="2020-09-22T09:01:37Z">
          <params>
            <param index="0">
              <value>
                <![CDATA[chrome]]>
              </value>
            </param>
            <param index="1">
              <value>
                <![CDATA[https://backstage.onco.com/]]>
              </value>
            </param>
          </params>
          <reporter-output>
          </reporter-output>
        </test-method> <!-- openBrowser -->
        <test-method status="PASS" signature="NewUserSignupbookanpayatHospitalAppointmentWithFreeOpinion(java.lang.String, java.lang.String, java.lang.String, java.lang.String)[pri:3, instance:com.onco.webtests.NewUserINeedToBookADiagnosticTest@69b0fd6f]" name="NewUserSignupbookanpayatHospitalAppointmentWithFreeOpinion" duration-ms="160322" started-at="2020-09-22T09:01:37Z" description="New user | I need to book a diagnostic test. TC_ID=C2580" finished-at="2020-09-22T09:04:17Z">
          <params>
            <param index="0">
              <value>
                <![CDATA[test_onco]]>
              </value>
            </param>
            <param index="1">
              <value>
                <![CDATA[manjunath.1001j@gmail.com]]>
              </value>
            </param>
            <param index="2">
              <value>
                <![CDATA[8310744975]]>
              </value>
            </param>
            <param index="3">
              <value>
                <![CDATA[4423]]>
              </value>
            </param>
          </params>
          <reporter-output>
          </reporter-output>
        </test-method> <!-- NewUserSignupbookanpayatHospitalAppointmentWithFreeOpinion -->
        <test-method status="PASS" signature="closedriver()[pri:0, instance:com.onco.webtests.NewUserINeedToBookADiagnosticTest@69b0fd6f]" name="closedriver" is-config="true" duration-ms="118" started-at="2020-09-22T09:04:17Z" finished-at="2020-09-22T09:04:17Z">
          <reporter-output>
          </reporter-output>
        </test-method> <!-- closedriver -->
        <test-method status="PASS" signature="delete1()[pri:0, instance:com.onco.webtests.NewUserINeedToBookADiagnosticTest@69b0fd6f]" name="delete1" is-config="true" duration-ms="657" started-at="2020-09-22T09:04:17Z" finished-at="2020-09-22T09:04:18Z">
          <reporter-output>
          </reporter-output>
        </test-method> <!-- delete1 -->
        <test-method status="FAIL" signature="addResultForTestCase(java.lang.String, int, java.lang.String)[pri:0, instance:com.onco.webtests.NewUserINeedToBookADiagnosticTest@69b0fd6f]" name="addResultForTestCase" is-config="true" duration-ms="0" started-at="2020-09-22T09:04:18Z" finished-at="2020-09-22T09:04:18Z">
          <exception class="org.testng.TestNGException">
            <message>
              <![CDATA[
Can inject only one of <ITestContext, XmlTest> into a @AfterClass annotated addResultForTestCase.
For more information on native dependency injection please refer to http://testng.org/doc/documentation-main.html#native-dependency-injection]]>
            </message>
            <full-stacktrace>
              <![CDATA[org.testng.TestNGException: 
Can inject only one of <ITestContext, XmlTest> into a @AfterClass annotated addResultForTestCase.
For more information on native dependency injection please refer to http://testng.org/doc/documentation-main.html#native-dependency-injection
at org.testng.internal.Parameters.checkParameterTypes(Parameters.java:407)
at org.testng.internal.Parameters.createParametersForMethod(Parameters.java:356)
at org.testng.internal.Parameters.createParameters(Parameters.java:635)
at org.testng.internal.Parameters.createConfigurationParameters(Parameters.java:190)
at org.testng.internal.Invoker.invokeConfigurations(Invoker.java:209)
at org.testng.internal.Invoker.invokeConfigurations(Invoker.java:142)
at org.testng.internal.TestMethodWorker.invokeAfterClassMethods(TestMethodWorker.java:214)
at org.testng.internal.TestMethodWorker.run(TestMethodWorker.java:111)
at org.testng.TestRunner.privateRun(TestRunner.java:648)
at org.testng.TestRunner.run(TestRunner.java:505)
at org.testng.SuiteRunner.runTest(SuiteRunner.java:455)
at org.testng.SuiteRunner.runSequentially(SuiteRunner.java:450)
at org.testng.SuiteRunner.privateRun(SuiteRunner.java:415)
at org.testng.SuiteRunner.run(SuiteRunner.java:364)
at org.testng.SuiteRunnerWorker.runSuite(SuiteRunnerWorker.java:52)
at org.testng.SuiteRunnerWorker.run(SuiteRunnerWorker.java:84)
at org.testng.TestNG.runSuitesSequentially(TestNG.java:1208)
at org.testng.TestNG.runSuitesLocally(TestNG.java:1137)
at org.testng.TestNG.runSuites(TestNG.java:1049)
at org.testng.TestNG.run(TestNG.java:1017)
at org.apache.maven.surefire.testng.TestNGExecutor.run(TestNGExecutor.java:283)
at org.apache.maven.surefire.testng.TestNGXmlTestSuite.execute(TestNGXmlTestSuite.java:75)
at org.apache.maven.surefire.testng.TestNGProvider.invoke(TestNGProvider.java:120)
at org.apache.maven.surefire.booter.ForkedBooter.runSuitesInProcess(ForkedBooter.java:377)
at org.apache.maven.surefire.booter.ForkedBooter.execute(ForkedBooter.java:138)
at org.apache.maven.surefire.booter.ForkedBooter.run(ForkedBooter.java:465)
at org.apache.maven.surefire.booter.ForkedBooter.main(ForkedBooter.java:451)
]]>
            </full-stacktrace>
          </exception> <!-- org.testng.TestNGException -->
          <reporter-output>
          </reporter-output>
        </test-method> <!-- addResultForTestCase -->
      </class> <!-- com.onco.webtests.NewUserINeedToBookADiagnosticTest -->
      <class name="com.onco.webtests.ExistinguserFlowIamconfusedineedhelpingettingstartedNoiamExperiencingsymptoms">
        <test-method status="PASS" signature="openBrowser(java.lang.String, java.lang.String)[pri:0, instance:com.onco.webtests.ExistinguserFlowIamconfusedineedhelpingettingstartedNoiamExperiencingsymptoms@52f759d7]" name="openBrowser" is-config="true" duration-ms="5518" started-at="2020-09-22T09:45:52Z" finished-at="2020-09-22T09:45:58Z">
          <params>
            <param index="0">
              <value>
                <![CDATA[chrome]]>
              </value>
            </param>
            <param index="1">
              <value>
                <![CDATA[https://backstage.onco.com/]]>
              </value>
            </param>
          </params>
          <reporter-output>
          </reporter-output>
        </test-method> <!-- openBrowser -->
        <test-method status="PASS" signature="NewUserSignupbookanpayatHospitalAppointmentWithFreeOpinion(java.lang.String, java.lang.String)[pri:13, instance:com.onco.webtests.ExistinguserFlowIamconfusedineedhelpingettingstartedNoiamExperiencingsymptoms@52f759d7]" name="NewUserSignupbookanpayatHospitalAppointmentWithFreeOpinion" duration-ms="105500" started-at="2020-09-22T09:45:58Z" description="ExistinguserFlowBookAppointment. TC_ID=C2607" finished-at="2020-09-22T09:47:43Z">
          <params>
            <param index="0">
              <value>
                <![CDATA[8310744975]]>
              </value>
            </param>
            <param index="1">
              <value>
                <![CDATA[4423]]>
              </value>
            </param>
          </params>
          <reporter-output>
          </reporter-output>
        </test-method> <!-- NewUserSignupbookanpayatHospitalAppointmentWithFreeOpinion -->
        <test-method status="PASS" signature="closedriver()[pri:0, instance:com.onco.webtests.ExistinguserFlowIamconfusedineedhelpingettingstartedNoiamExperiencingsymptoms@52f759d7]" name="closedriver" is-config="true" duration-ms="118" started-at="2020-09-22T09:47:43Z" finished-at="2020-09-22T09:47:44Z">
          <reporter-output>
          </reporter-output>
        </test-method> <!-- closedriver -->
        <test-method status="FAIL" signature="addResultForTestCase(java.lang.String, int, java.lang.String)[pri:0, instance:com.onco.webtests.ExistinguserFlowIamconfusedineedhelpingettingstartedNoiamExperiencingsymptoms@52f759d7]" name="addResultForTestCase" is-config="true" duration-ms="0" started-at="2020-09-22T09:47:44Z" finished-at="2020-09-22T09:47:44Z">
          <exception class="org.testng.TestNGException">
            <message>
              <![CDATA[
Can inject only one of <ITestContext, XmlTest> into a @AfterClass annotated addResultForTestCase.
For more information on native dependency injection please refer to http://testng.org/doc/documentation-main.html#native-dependency-injection]]>
            </message>
            <full-stacktrace>
              <![CDATA[org.testng.TestNGException: 
Can inject only one of <ITestContext, XmlTest> into a @AfterClass annotated addResultForTestCase.
For more information on native dependency injection please refer to http://testng.org/doc/documentation-main.html#native-dependency-injection
at org.testng.internal.Parameters.checkParameterTypes(Parameters.java:407)
at org.testng.internal.Parameters.createParametersForMethod(Parameters.java:356)
at org.testng.internal.Parameters.createParameters(Parameters.java:635)
at org.testng.internal.Parameters.createConfigurationParameters(Parameters.java:190)
at org.testng.internal.Invoker.invokeConfigurations(Invoker.java:209)
at org.testng.internal.Invoker.invokeConfigurations(Invoker.java:142)
at org.testng.internal.TestMethodWorker.invokeAfterClassMethods(TestMethodWorker.java:214)
at org.testng.internal.TestMethodWorker.run(TestMethodWorker.java:111)
at org.testng.TestRunner.privateRun(TestRunner.java:648)
at org.testng.TestRunner.run(TestRunner.java:505)
at org.testng.SuiteRunner.runTest(SuiteRunner.java:455)
at org.testng.SuiteRunner.runSequentially(SuiteRunner.java:450)
at org.testng.SuiteRunner.privateRun(SuiteRunner.java:415)
at org.testng.SuiteRunner.run(SuiteRunner.java:364)
at org.testng.SuiteRunnerWorker.runSuite(SuiteRunnerWorker.java:52)
at org.testng.SuiteRunnerWorker.run(SuiteRunnerWorker.java:84)
at org.testng.TestNG.runSuitesSequentially(TestNG.java:1208)
at org.testng.TestNG.runSuitesLocally(TestNG.java:1137)
at org.testng.TestNG.runSuites(TestNG.java:1049)
at org.testng.TestNG.run(TestNG.java:1017)
at org.apache.maven.surefire.testng.TestNGExecutor.run(TestNGExecutor.java:283)
at org.apache.maven.surefire.testng.TestNGXmlTestSuite.execute(TestNGXmlTestSuite.java:75)
at org.apache.maven.surefire.testng.TestNGProvider.invoke(TestNGProvider.java:120)
at org.apache.maven.surefire.booter.ForkedBooter.runSuitesInProcess(ForkedBooter.java:377)
at org.apache.maven.surefire.booter.ForkedBooter.execute(ForkedBooter.java:138)
at org.apache.maven.surefire.booter.ForkedBooter.run(ForkedBooter.java:465)
at org.apache.maven.surefire.booter.ForkedBooter.main(ForkedBooter.java:451)
]]>
            </full-stacktrace>
          </exception> <!-- org.testng.TestNGException -->
          <reporter-output>
          </reporter-output>
        </test-method> <!-- addResultForTestCase -->
      </class> <!-- com.onco.webtests.ExistinguserFlowIamconfusedineedhelpingettingstartedNoiamExperiencingsymptoms -->
      <class name="com.onco.webtests.NewUserSignupBookanpayatHospitalAppointmentWithFreeOpinion">
        <test-method status="PASS" signature="openBrowser(java.lang.String, java.lang.String)[pri:0, instance:com.onco.webtests.NewUserSignupBookanpayatHospitalAppointmentWithFreeOpinion@37374a5e]" name="openBrowser" is-config="true" duration-ms="8780" started-at="2020-09-22T09:19:32Z" finished-at="2020-09-22T09:19:41Z">
          <params>
            <param index="0">
              <value>
                <![CDATA[chrome]]>
              </value>
            </param>
            <param index="1">
              <value>
                <![CDATA[https://backstage.onco.com/]]>
              </value>
            </param>
          </params>
          <reporter-output>
          </reporter-output>
        </test-method> <!-- openBrowser -->
        <test-method status="PASS" signature="NewUserSignupbookanpayatHospitalAppointmentWithFreeOpinion(java.lang.String, java.lang.String, java.lang.String, java.lang.String, java.lang.String)[pri:8, instance:com.onco.webtests.NewUserSignupBookanpayatHospitalAppointmentWithFreeOpinion@37374a5e]" name="NewUserSignupbookanpayatHospitalAppointmentWithFreeOpinion" duration-ms="476820" started-at="2020-09-22T09:19:41Z" description="New User Signup - Book an pay at hospital appointment with Free opinion. TC_ID=C201" finished-at="2020-09-22T09:27:38Z">
          <params>
            <param index="0">
              <value>
                <![CDATA[test_onco]]>
              </value>
            </param>
            <param index="1">
              <value>
                <![CDATA[manjunath.1001j@gmail.com]]>
              </value>
            </param>
            <param index="2">
              <value>
                <![CDATA[8310744975]]>
              </value>
            </param>
            <param index="3">
              <value>
                <![CDATA[4423]]>
              </value>
            </param>
            <param index="4">
              <value>
                <![CDATA[test_test]]>
              </value>
            </param>
          </params>
          <reporter-output>
          </reporter-output>
        </test-method> <!-- NewUserSignupbookanpayatHospitalAppointmentWithFreeOpinion -->
        <test-method status="PASS" signature="closedriver()[pri:0, instance:com.onco.webtests.NewUserSignupBookanpayatHospitalAppointmentWithFreeOpinion@37374a5e]" name="closedriver" is-config="true" duration-ms="145" started-at="2020-09-22T09:27:38Z" finished-at="2020-09-22T09:27:38Z">
          <reporter-output>
          </reporter-output>
        </test-method> <!-- closedriver -->
        <test-method status="PASS" signature="delete1()[pri:0, instance:com.onco.webtests.NewUserSignupBookanpayatHospitalAppointmentWithFreeOpinion@37374a5e]" name="delete1" is-config="true" duration-ms="851" started-at="2020-09-22T09:27:38Z" finished-at="2020-09-22T09:27:39Z">
          <reporter-output>
          </reporter-output>
        </test-method> <!-- delete1 -->
        <test-method status="FAIL" signature="addResultForTestCase(java.lang.String, int, java.lang.String)[pri:0, instance:com.onco.webtests.NewUserSignupBookanpayatHospitalAppointmentWithFreeOpinion@37374a5e]" name="addResultForTestCase" is-config="true" duration-ms="0" started-at="2020-09-22T09:27:39Z" finished-at="2020-09-22T09:27:39Z">
          <exception class="org.testng.TestNGException">
            <message>
              <![CDATA[
Can inject only one of <ITestContext, XmlTest> into a @AfterClass annotated addResultForTestCase.
For more information on native dependency injection please refer to http://testng.org/doc/documentation-main.html#native-dependency-injection]]>
            </message>
            <full-stacktrace>
              <![CDATA[org.testng.TestNGException: 
Can inject only one of <ITestContext, XmlTest> into a @AfterClass annotated addResultForTestCase.
For more information on native dependency injection please refer to http://testng.org/doc/documentation-main.html#native-dependency-injection
at org.testng.internal.Parameters.checkParameterTypes(Parameters.java:407)
at org.testng.internal.Parameters.createParametersForMethod(Parameters.java:356)
at org.testng.internal.Parameters.createParameters(Parameters.java:635)
at org.testng.internal.Parameters.createConfigurationParameters(Parameters.java:190)
at org.testng.internal.Invoker.invokeConfigurations(Invoker.java:209)
at org.testng.internal.Invoker.invokeConfigurations(Invoker.java:142)
at org.testng.internal.TestMethodWorker.invokeAfterClassMethods(TestMethodWorker.java:214)
at org.testng.internal.TestMethodWorker.run(TestMethodWorker.java:111)
at org.testng.TestRunner.privateRun(TestRunner.java:648)
at org.testng.TestRunner.run(TestRunner.java:505)
at org.testng.SuiteRunner.runTest(SuiteRunner.java:455)
at org.testng.SuiteRunner.runSequentially(SuiteRunner.java:450)
at org.testng.SuiteRunner.privateRun(SuiteRunner.java:415)
at org.testng.SuiteRunner.run(SuiteRunner.java:364)
at org.testng.SuiteRunnerWorker.runSuite(SuiteRunnerWorker.java:52)
at org.testng.SuiteRunnerWorker.run(SuiteRunnerWorker.java:84)
at org.testng.TestNG.runSuitesSequentially(TestNG.java:1208)
at org.testng.TestNG.runSuitesLocally(TestNG.java:1137)
at org.testng.TestNG.runSuites(TestNG.java:1049)
at org.testng.TestNG.run(TestNG.java:1017)
at org.apache.maven.surefire.testng.TestNGExecutor.run(TestNGExecutor.java:283)
at org.apache.maven.surefire.testng.TestNGXmlTestSuite.execute(TestNGXmlTestSuite.java:75)
at org.apache.maven.surefire.testng.TestNGProvider.invoke(TestNGProvider.java:120)
at org.apache.maven.surefire.booter.ForkedBooter.runSuitesInProcess(ForkedBooter.java:377)
at org.apache.maven.surefire.booter.ForkedBooter.execute(ForkedBooter.java:138)
at org.apache.maven.surefire.booter.ForkedBooter.run(ForkedBooter.java:465)
at org.apache.maven.surefire.booter.ForkedBooter.main(ForkedBooter.java:451)
]]>
            </full-stacktrace>
          </exception> <!-- org.testng.TestNGException -->
          <reporter-output>
          </reporter-output>
        </test-method> <!-- addResultForTestCase -->
      </class> <!-- com.onco.webtests.NewUserSignupBookanpayatHospitalAppointmentWithFreeOpinion -->
      <class name="com.onco.webtests.NewUserOpinionINeedAnOnlineOpinionForCancerTreatmentIndiaPanel">
        <test-method status="PASS" signature="openBrowser(java.lang.String, java.lang.String)[pri:0, instance:com.onco.webtests.NewUserOpinionINeedAnOnlineOpinionForCancerTreatmentIndiaPanel@8646db9]" name="openBrowser" is-config="true" duration-ms="8358" started-at="2020-09-22T09:13:27Z" finished-at="2020-09-22T09:13:35Z">
          <params>
            <param index="0">
              <value>
                <![CDATA[chrome]]>
              </value>
            </param>
            <param index="1">
              <value>
                <![CDATA[https://backstage.onco.com/]]>
              </value>
            </param>
          </params>
          <reporter-output>
          </reporter-output>
        </test-method> <!-- openBrowser -->
        <test-method status="PASS" signature="NewUserSignupbookanpayatHospitalAppointmentWithFreeOpinion(java.lang.String, java.lang.String, java.lang.String, java.lang.String, java.lang.String, java.lang.String)[pri:7, instance:com.onco.webtests.NewUserOpinionINeedAnOnlineOpinionForCancerTreatmentIndiaPanel@8646db9]" name="NewUserSignupbookanpayatHospitalAppointmentWithFreeOpinion" duration-ms="356560" started-at="2020-09-22T09:13:35Z" description="New User Opinion| I need an online opinion for cancer treatment -India panel. TC_ID=C202" finished-at="2020-09-22T09:19:31Z">
          <params>
            <param index="0">
              <value>
                <![CDATA[test_onco]]>
              </value>
            </param>
            <param index="1">
              <value>
                <![CDATA[manjunath.1001j@gmail.com]]>
              </value>
            </param>
            <param index="2">
              <value>
                <![CDATA[8310744975]]>
              </value>
            </param>
            <param index="3">
              <value>
                <![CDATA[4423]]>
              </value>
            </param>
            <param index="4">
              <value>
                <![CDATA[test_test]]>
              </value>
            </param>
            <param index="5">
              <value>
                <![CDATA[my concerns]]>
              </value>
            </param>
          </params>
          <reporter-output>
          </reporter-output>
        </test-method> <!-- NewUserSignupbookanpayatHospitalAppointmentWithFreeOpinion -->
        <test-method status="PASS" signature="closedriver()[pri:0, instance:com.onco.webtests.NewUserOpinionINeedAnOnlineOpinionForCancerTreatmentIndiaPanel@8646db9]" name="closedriver" is-config="true" duration-ms="151" started-at="2020-09-22T09:19:31Z" finished-at="2020-09-22T09:19:32Z">
          <reporter-output>
          </reporter-output>
        </test-method> <!-- closedriver -->
        <test-method status="PASS" signature="delete1()[pri:0, instance:com.onco.webtests.NewUserOpinionINeedAnOnlineOpinionForCancerTreatmentIndiaPanel@8646db9]" name="delete1" is-config="true" duration-ms="659" started-at="2020-09-22T09:19:32Z" finished-at="2020-09-22T09:19:32Z">
          <reporter-output>
          </reporter-output>
        </test-method> <!-- delete1 -->
        <test-method status="FAIL" signature="addResultForTestCase(java.lang.String, int, java.lang.String)[pri:0, instance:com.onco.webtests.NewUserOpinionINeedAnOnlineOpinionForCancerTreatmentIndiaPanel@8646db9]" name="addResultForTestCase" is-config="true" duration-ms="0" started-at="2020-09-22T09:19:32Z" finished-at="2020-09-22T09:19:32Z">
          <exception class="org.testng.TestNGException">
            <message>
              <![CDATA[
Can inject only one of <ITestContext, XmlTest> into a @AfterClass annotated addResultForTestCase.
For more information on native dependency injection please refer to http://testng.org/doc/documentation-main.html#native-dependency-injection]]>
            </message>
            <full-stacktrace>
              <![CDATA[org.testng.TestNGException: 
Can inject only one of <ITestContext, XmlTest> into a @AfterClass annotated addResultForTestCase.
For more information on native dependency injection please refer to http://testng.org/doc/documentation-main.html#native-dependency-injection
at org.testng.internal.Parameters.checkParameterTypes(Parameters.java:407)
at org.testng.internal.Parameters.createParametersForMethod(Parameters.java:356)
at org.testng.internal.Parameters.createParameters(Parameters.java:635)
at org.testng.internal.Parameters.createConfigurationParameters(Parameters.java:190)
at org.testng.internal.Invoker.invokeConfigurations(Invoker.java:209)
at org.testng.internal.Invoker.invokeConfigurations(Invoker.java:142)
at org.testng.internal.TestMethodWorker.invokeAfterClassMethods(TestMethodWorker.java:214)
at org.testng.internal.TestMethodWorker.run(TestMethodWorker.java:111)
at org.testng.TestRunner.privateRun(TestRunner.java:648)
at org.testng.TestRunner.run(TestRunner.java:505)
at org.testng.SuiteRunner.runTest(SuiteRunner.java:455)
at org.testng.SuiteRunner.runSequentially(SuiteRunner.java:450)
at org.testng.SuiteRunner.privateRun(SuiteRunner.java:415)
at org.testng.SuiteRunner.run(SuiteRunner.java:364)
at org.testng.SuiteRunnerWorker.runSuite(SuiteRunnerWorker.java:52)
at org.testng.SuiteRunnerWorker.run(SuiteRunnerWorker.java:84)
at org.testng.TestNG.runSuitesSequentially(TestNG.java:1208)
at org.testng.TestNG.runSuitesLocally(TestNG.java:1137)
at org.testng.TestNG.runSuites(TestNG.java:1049)
at org.testng.TestNG.run(TestNG.java:1017)
at org.apache.maven.surefire.testng.TestNGExecutor.run(TestNGExecutor.java:283)
at org.apache.maven.surefire.testng.TestNGXmlTestSuite.execute(TestNGXmlTestSuite.java:75)
at org.apache.maven.surefire.testng.TestNGProvider.invoke(TestNGProvider.java:120)
at org.apache.maven.surefire.booter.ForkedBooter.runSuitesInProcess(ForkedBooter.java:377)
at org.apache.maven.surefire.booter.ForkedBooter.execute(ForkedBooter.java:138)
at org.apache.maven.surefire.booter.ForkedBooter.run(ForkedBooter.java:465)
at org.apache.maven.surefire.booter.ForkedBooter.main(ForkedBooter.java:451)
]]>
            </full-stacktrace>
          </exception> <!-- org.testng.TestNGException -->
          <reporter-output>
          </reporter-output>
        </test-method> <!-- addResultForTestCase -->
      </class> <!-- com.onco.webtests.NewUserOpinionINeedAnOnlineOpinionForCancerTreatmentIndiaPanel -->
    </test> <!-- PatientPortal -->
  </suite> <!-- Onco Staging -->
</testng-results>
