-------------------------------------------------------------------------------
Test set: TestSuite
-------------------------------------------------------------------------------
Tests run: 30, Failures: 17, Errors: 0, Skipped: 0, Time elapsed: 3,737.304 s <<< FAILURE! - in TestSuite
com.onco.webtests.NewUserBookAppointmentRequestCallOnco.addResultForTestCase  Time elapsed: 71.444 s  <<< FAILURE!
org.testng.TestNGException: 

Can inject only one of <ITestContext, XmlTest> into a @AfterClass annotated addResultForTestCase.
For more information on native dependency injection please refer to http://testng.org/doc/documentation-main.html#native-dependency-injection

com.onco.webtests.NewUserIneedAnOnlineOpinionForCancerTreatmentNewUserOpinionUSPanel.addResultForTestCase  Time elapsed: 358.521 s  <<< FAILURE!
org.testng.TestNGException: 

Can inject only one of <ITestContext, XmlTest> into a @AfterClass annotated addResultForTestCase.
For more information on native dependency injection please refer to http://testng.org/doc/documentation-main.html#native-dependency-injection

com.onco.webtests.NewUserINeedToBookADiagnosticTest.addResultForTestCase  Time elapsed: 161.103 s  <<< FAILURE!
org.testng.TestNGException: 

Can inject only one of <ITestContext, XmlTest> into a @AfterClass annotated addResultForTestCase.
For more information on native dependency injection please refer to http://testng.org/doc/documentation-main.html#native-dependency-injection

com.onco.webtests.NewUserINeedToBookADiagnosticTestRequestCallOnco.addResultForTestCase  Time elapsed: 108.68 s  <<< FAILURE!
org.testng.TestNGException: 

Can inject only one of <ITestContext, XmlTest> into a @AfterClass annotated addResultForTestCase.
For more information on native dependency injection please refer to http://testng.org/doc/documentation-main.html#native-dependency-injection

com.onco.webtests.NewUserIWantToTalkToAnOncologistWithCoupon.addResultForTestCase  Time elapsed: 201.095 s  <<< FAILURE!
org.testng.TestNGException: 

Can inject only one of <ITestContext, XmlTest> into a @AfterClass annotated addResultForTestCase.
For more information on native dependency injection please refer to http://testng.org/doc/documentation-main.html#native-dependency-injection

com.onco.webtests.NewUserIWantToTalkToAnOncologistWithoutCoupon.addResultForTestCase  Time elapsed: 204.603 s  <<< FAILURE!
org.testng.TestNGException: 

Can inject only one of <ITestContext, XmlTest> into a @AfterClass annotated addResultForTestCase.
For more information on native dependency injection please refer to http://testng.org/doc/documentation-main.html#native-dependency-injection

com.onco.webtests.NewUserOpinionINeedAnOnlineOpinionForCancerTreatmentIndiaPanel.addResultForTestCase  Time elapsed: 357.392 s  <<< FAILURE!
org.testng.TestNGException: 

Can inject only one of <ITestContext, XmlTest> into a @AfterClass annotated addResultForTestCase.
For more information on native dependency injection please refer to http://testng.org/doc/documentation-main.html#native-dependency-injection

com.onco.webtests.NewUserSignupBookanpayatHospitalAppointmentWithFreeOpinion.addResultForTestCase  Time elapsed: 477.822 s  <<< FAILURE!
org.testng.TestNGException: 

Can inject only one of <ITestContext, XmlTest> into a @AfterClass annotated addResultForTestCase.
For more information on native dependency injection please refer to http://testng.org/doc/documentation-main.html#native-dependency-injection

com.onco.webtests.NewUserSignupBookonPriorityAppointment.NewUserSignupbookanpayatHospitalAppointmentWithFreeOpinion  Time elapsed: 229.833 s  <<< FAILURE!
org.openqa.selenium.NoSuchElementException: 
no such element: Unable to locate element: {"method":"xpath","selector":"//div[contains(text(),'GET NOW')]"}
  (Session info: chrome=85.0.4183.102)
For documentation on this error, please visit: https://www.seleniumhq.org/exceptions/no_such_element.html
Build info: version: '3.141.59', revision: 'e82be7d358', time: '2018-11-14T08:17:03'
System info: host: 'Manjunaths-MBP', ip: '2409:4071:2089:d6a2:b5af:7b07:a08d:9046%en0', os.name: 'Mac OS X', os.arch: 'x86_64', os.version: '10.15.6', java.version: '1.8.0_231'
Driver info: org.openqa.selenium.chrome.ChromeDriver
Capabilities {acceptInsecureCerts: false, browserName: chrome, browserVersion: 85.0.4183.102, chrome: {chromedriverVersion: 85.0.4183.87 (cd6713ebf92fa..., userDataDir: /var/folders/p6/cbrrv70s47j...}, goog:chromeOptions: {debuggerAddress: localhost:50055}, javascriptEnabled: true, networkConnectionEnabled: false, pageLoadStrategy: none, platform: MAC, platformName: MAC, proxy: Proxy(), setWindowRect: true, strictFileInteractability: false, timeouts: {implicit: 0, pageLoad: 300000, script: 30000}, unhandledPromptBehavior: dismiss and notify, webauthn:virtualAuthenticators: true}
Session ID: c222774371ed5a7293e66dd101085682
*** Element info: {Using=xpath, value=//div[contains(text(),'GET NOW')]}
	at com.onco.webtests.NewUserSignupBookonPriorityAppointment.NewUserSignupbookanpayatHospitalAppointmentWithFreeOpinion(NewUserSignupBookonPriorityAppointment.java:67)

com.onco.webtests.NewUserSignupBookonPriorityAppointment.addResultForTestCase  Time elapsed: 230.718 s  <<< FAILURE!
org.testng.TestNGException: 

Can inject only one of <ITestContext, XmlTest> into a @AfterClass annotated addResultForTestCase.
For more information on native dependency injection please refer to http://testng.org/doc/documentation-main.html#native-dependency-injection

com.onco.webtests.NewUserSignupPaytmBookOnPriorityAppointment.NewUserSignupbookanpayatHospitalAppointmentWithFreeOpinion  Time elapsed: 117.627 s  <<< FAILURE!
org.openqa.selenium.NoSuchElementException: 
no such element: Unable to locate element: {"method":"xpath","selector":"/html[1]/body[1]/app-root[1]/select-service[1]/div[1]/div[2]/div[1]/div[2]/div[3]/div[1]"}
  (Session info: chrome=85.0.4183.102)
For documentation on this error, please visit: https://www.seleniumhq.org/exceptions/no_such_element.html
Build info: version: '3.141.59', revision: 'e82be7d358', time: '2018-11-14T08:17:03'
System info: host: 'Manjunaths-MBP', ip: '2409:4071:2089:d6a2:b5af:7b07:a08d:9046%en0', os.name: 'Mac OS X', os.arch: 'x86_64', os.version: '10.15.6', java.version: '1.8.0_231'
Driver info: org.openqa.selenium.chrome.ChromeDriver
Capabilities {acceptInsecureCerts: false, browserName: chrome, browserVersion: 85.0.4183.102, chrome: {chromedriverVersion: 85.0.4183.87 (cd6713ebf92fa..., userDataDir: /var/folders/p6/cbrrv70s47j...}, goog:chromeOptions: {debuggerAddress: localhost:50243}, javascriptEnabled: true, networkConnectionEnabled: false, pageLoadStrategy: none, platform: MAC, platformName: MAC, proxy: Proxy(), setWindowRect: true, strictFileInteractability: false, timeouts: {implicit: 0, pageLoad: 300000, script: 30000}, unhandledPromptBehavior: dismiss and notify, webauthn:virtualAuthenticators: true}
Session ID: 92df5781f7b39948b4ff225cabbb0000
*** Element info: {Using=xpath, value=/html[1]/body[1]/app-root[1]/select-service[1]/div[1]/div[2]/div[1]/div[2]/div[3]/div[1]}
	at com.onco.webtests.NewUserSignupPaytmBookOnPriorityAppointment.NewUserSignupbookanpayatHospitalAppointmentWithFreeOpinion(NewUserSignupPaytmBookOnPriorityAppointment.java:37)

com.onco.webtests.NewUserSignupPaytmBookOnPriorityAppointment.addResultForTestCase  Time elapsed: 120.096 s  <<< FAILURE!
org.testng.TestNGException: 

Can inject only one of <ITestContext, XmlTest> into a @AfterClass annotated addResultForTestCase.
For more information on native dependency injection please refer to http://testng.org/doc/documentation-main.html#native-dependency-injection

com.onco.webtests.NewUserUPIpaymentIWantToTalkToOncologist.addResultForTestCase  Time elapsed: 161.479 s  <<< FAILURE!
org.testng.TestNGException: 

Can inject only one of <ITestContext, XmlTest> into a @AfterClass annotated addResultForTestCase.
For more information on native dependency injection please refer to http://testng.org/doc/documentation-main.html#native-dependency-injection

com.onco.webtests.ExistinguserFlowBookAppointment.addResultForTestCase  Time elapsed: 261.378 s  <<< FAILURE!
org.testng.TestNGException: 

Can inject only one of <ITestContext, XmlTest> into a @AfterClass annotated addResultForTestCase.
For more information on native dependency injection please refer to http://testng.org/doc/documentation-main.html#native-dependency-injection

com.onco.webtests.ExistinguserFlowBookLabDiagnostic.addResultForTestCase  Time elapsed: 299.198 s  <<< FAILURE!
org.testng.TestNGException: 

Can inject only one of <ITestContext, XmlTest> into a @AfterClass annotated addResultForTestCase.
For more information on native dependency injection please refer to http://testng.org/doc/documentation-main.html#native-dependency-injection

com.onco.webtests.ExistinguserFlowIamconfusedineedhelpingettingstartedNoiamExperiencingsymptoms.addResultForTestCase  Time elapsed: 105.615 s  <<< FAILURE!
org.testng.TestNGException: 

Can inject only one of <ITestContext, XmlTest> into a @AfterClass annotated addResultForTestCase.
For more information on native dependency injection please refer to http://testng.org/doc/documentation-main.html#native-dependency-injection

com.onco.webtests.ExistinguserFlowIamconfusedineedhelpingettingstartedYesiamdiagnoisedwithcancer.addResultForTestCase  Time elapsed: 495.756 s  <<< FAILURE!
org.testng.TestNGException: 

Can inject only one of <ITestContext, XmlTest> into a @AfterClass annotated addResultForTestCase.
For more information on native dependency injection please refer to http://testng.org/doc/documentation-main.html#native-dependency-injection

