<?xml version="1.0" encoding="UTF-8"?>
<!-- Generated by org.testng.reporters.JUnitXMLReporter -->
<testsuite ignored="0" hostname="Manjunaths-MacBook-Air.local" failures="0" tests="3" name="Test" time="261.55" errors="0" timestamp="05 Aug 2019 16:08:14 GMT">
  <testcase classname="com.onco.testbase.BaseClass" name="@BeforeClass delete" time="43.237">
    <failure type="org.openqa.selenium.NoSuchElementException" message="no such element: Unable to locate element: {&amp;quot;method&amp;quot;:&amp;quot;xpath&amp;quot;,&amp;quot;selector&amp;quot;:&amp;quot;/html/body/app-root/app-confirm-otp/div/div[2]/div/div/form/div[1]/otpinput/input[1]&amp;quot;}
  (Session info: chrome=75.0.3770.142)
For documentation on this error, please visit: https://www.seleniumhq.org/exceptions/no_such_element.html
Build info: version: &amp;apos;3.141.59&amp;apos;, revision: &amp;apos;e82be7d358&amp;apos;, time: &amp;apos;2018-11-14T08:17:03&amp;apos;
System info: host: &amp;apos;Manjunaths-MacBook-Air.local&amp;apos;, ip: &amp;apos;fe80:0:0:0:1ca5:760c:a22b:dd45%en0&amp;apos;, os.name: &amp;apos;Mac OS X&amp;apos;, os.arch: &amp;apos;x86_64&amp;apos;, os.version: &amp;apos;10.14.5&amp;apos;, java.version: &amp;apos;12.0.1&amp;apos;
Driver info: org.openqa.selenium.chrome.ChromeDriver
Capabilities {acceptInsecureCerts: false, browserName: chrome, browserVersion: 75.0.3770.142, chrome: {chromedriverVersion: 75.0.3770.140 (2d9f97485c7b..., userDataDir: /var/folders/9d/41vrbrhs6cn...}, goog:chromeOptions: {debuggerAddress: localhost:50809}, javascriptEnabled: true, networkConnectionEnabled: false, pageLoadStrategy: normal, platform: MAC, platformName: MAC, proxy: Proxy(), setWindowRect: true, strictFileInteractability: false, timeouts: {implicit: 0, pageLoad: 300000, script: 30000}, unhandledPromptBehavior: dismiss and notify}
Session ID: 8dbe53715c4c20db4a9190c3ab8f2124
*** Element info: {Using=xpath, value=/html/body/app-root/app-confirm-otp/div/div[2]/div/div/form/div[1]/otpinput/input[1]}">
      <![CDATA[org.openqa.selenium.NoSuchElementException: no such element: Unable to locate element: {"method":"xpath","selector":"/html/body/app-root/app-confirm-otp/div/div[2]/div/div/form/div[1]/otpinput/input[1]"}
  (Session info: chrome=75.0.3770.142)
For documentation on this error, please visit: https://www.seleniumhq.org/exceptions/no_such_element.html
Build info: version: '3.141.59', revision: 'e82be7d358', time: '2018-11-14T08:17:03'
System info: host: 'Manjunaths-MacBook-Air.local', ip: 'fe80:0:0:0:1ca5:760c:a22b:dd45%en0', os.name: 'Mac OS X', os.arch: 'x86_64', os.version: '10.14.5', java.version: '12.0.1'
Driver info: org.openqa.selenium.chrome.ChromeDriver
Capabilities {acceptInsecureCerts: false, browserName: chrome, browserVersion: 75.0.3770.142, chrome: {chromedriverVersion: 75.0.3770.140 (2d9f97485c7b..., userDataDir: /var/folders/9d/41vrbrhs6cn...}, goog:chromeOptions: {debuggerAddress: localhost:50809}, javascriptEnabled: true, networkConnectionEnabled: false, pageLoadStrategy: normal, platform: MAC, platformName: MAC, proxy: Proxy(), setWindowRect: true, strictFileInteractability: false, timeouts: {implicit: 0, pageLoad: 300000, script: 30000}, unhandledPromptBehavior: dismiss and notify}
Session ID: 8dbe53715c4c20db4a9190c3ab8f2124
*** Element info: {Using=xpath, value=/html/body/app-root/app-confirm-otp/div/div[2]/div/div/form/div[1]/otpinput/input[1]}
at org.openqa.selenium.remote.http.W3CHttpResponseCodec.createException(W3CHttpResponseCodec.java:187)
at org.openqa.selenium.remote.http.W3CHttpResponseCodec.decode(W3CHttpResponseCodec.java:122)
at org.openqa.selenium.remote.http.W3CHttpResponseCodec.decode(W3CHttpResponseCodec.java:49)
at org.openqa.selenium.remote.HttpCommandExecutor.execute(HttpCommandExecutor.java:158)
at org.openqa.selenium.remote.service.DriverCommandExecutor.execute(DriverCommandExecutor.java:83)
at org.openqa.selenium.remote.RemoteWebDriver.execute(RemoteWebDriver.java:552)
at org.openqa.selenium.remote.RemoteWebDriver.findElement(RemoteWebDriver.java:323)
at org.openqa.selenium.remote.RemoteWebDriver.findElementByXPath(RemoteWebDriver.java:428)
at org.openqa.selenium.By$ByXPath.findElement(By.java:353)
at org.openqa.selenium.remote.RemoteWebDriver.findElement(RemoteWebDriver.java:315)
at org.openqa.selenium.support.pagefactory.DefaultElementLocator.findElement(DefaultElementLocator.java:69)
at org.openqa.selenium.support.pagefactory.internal.LocatingElementHandler.invoke(LocatingElementHandler.java:38)
at com.sun.proxy.$Proxy15.click(Unknown Source)
at com.onco.pages.Login.OtpDetails(Login.java:73)
at com.onco.testbase.BaseClass.delete(BaseClass.java:75)
... Removed 31 stack frames]]>
    </failure>
  </testcase> <!-- @BeforeClass delete -->
  <testcase classname="com.onco.testbase.BaseClass" name="@BeforeMethod openBrowser" time="0.0">
    <skipped/>
  </testcase> <!-- @BeforeMethod openBrowser -->
  <testcase classname="com.onco.testbase.BaseClass" name="@AfterMethod quit" time="0.0">
    <skipped/>
  </testcase> <!-- @AfterMethod quit -->
  <testcase classname="com.onco.webtests.NewUserOpinionIndianPanel" name="newUserappointment" time="62.47"/>
  <testcase classname="com.onco.webtests.NewUserDiagnostictests" name="newUserappointment" time="58.38"/>
  <testcase classname="com.onco.webtests.NewUserAppointmentPayathospital" name="newUserappointment" time="0.0">
    <skipped/>
  </testcase> <!-- newUserappointment -->
</testsuite> <!-- Test -->
