<?xml version="1.0" encoding="UTF-8"?>
<!-- Generated by org.testng.reporters.JUnitXMLReporter -->
<testsuite ignored="0" hostname="Manjunaths-MacBook-Air.local" failures="0" tests="1" name="onco" time="0.088" errors="0" timestamp="14 Jun 2019 10:54:42 GMT">
  <testcase classname="com.onco.testbase.BaseClass" name="@BeforeMethod openBrowser" time="0.0">
    <failure type="org.testng.TestNGException" message="
Parameter &amp;apos;browser&amp;apos; is required by BeforeMethod on method openBrowser but has not been marked @Optional or defined
in /Users/manjunathdj/Applications/OncoWeb/testng.xml">
      <![CDATA[org.testng.TestNGException: 
Parameter 'browser' is required by BeforeMethod on method openBrowser but has not been marked @Optional or defined
in /Users/manjunathdj/Applications/OncoWeb/testng.xml
... Removed 25 stack frames]]>
    </failure>
  </testcase> <!-- @BeforeMethod openBrowser -->
  <testcase classname="com.onco.testbase.BaseClass" name="@AfterMethod teardown" time="0.0">
    <skipped/>
  </testcase> <!-- @AfterMethod teardown -->
  <testcase classname="com.onco.webtests.NewUserAppointment" name="FBLogin" time="0.0">
    <skipped/>
  </testcase> <!-- FBLogin -->
</testsuite> <!-- onco -->
