<?xml version="1.0" encoding="UTF-8"?>
<!-- Generated by org.testng.reporters.JUnitXMLReporter -->
<testsuite hostname="DESKTOP-6O9KBK7" ignored="0" name="ParallelTest5 Browser Chrome" tests="1" failures="0" timestamp="23 Jul 2018 17:59:13 GMT" time="0.018" errors="0">
  <testcase name="@BeforeTest getBrowser" time="0.008" classname="com.silvermine.testbase.BaseClass">
    <failure type="java.lang.IllegalStateException" message="The driver executable does not exist: D:\EformWeb\drivers\chromedriver.exe">
      <![CDATA[java.lang.IllegalStateException: The driver executable does not exist: D:\EformWeb\drivers\chromedriver.exe
at com.google.common.base.Preconditions.checkState(Preconditions.java:585)
at org.openqa.selenium.remote.service.DriverService.checkExecutable(DriverService.java:137)
at org.openqa.selenium.remote.service.DriverService.findExecutable(DriverService.java:132)
at org.openqa.selenium.chrome.ChromeDriverService.access$000(ChromeDriverService.java:35)
at org.openqa.selenium.chrome.ChromeDriverService$Builder.findDefaultExecutable(ChromeDriverService.java:156)
at org.openqa.selenium.remote.service.DriverService$Builder.build(DriverService.java:346)
at org.openqa.selenium.chrome.ChromeDriverService.createDefaultService(ChromeDriverService.java:91)
at org.openqa.selenium.chrome.ChromeDriver.<init>(ChromeDriver.java:123)
at com.silvermine.testbase.BaseClass.getBrowser(BaseClass.java:28)
at java.util.concurrent.FutureTask.run(Unknown Source)
at java.util.concurrent.ThreadPoolExecutor.runWorker(Unknown Source)
at java.util.concurrent.ThreadPoolExecutor$Worker.run(Unknown Source)
at java.lang.Thread.run(Unknown Source)
... Removed 15 stack frames]]>
    </failure>
  </testcase> <!-- @BeforeTest getBrowser -->
  <testcase name="@AfterClass closeBrowser" time="0.0" classname="com.silvermine.testbase.BaseClass">
    <skipped/>
  </testcase> <!-- @AfterClass closeBrowser -->
  <testcase name="MilageExceedAmendment" time="0.0" classname="com.silvermine.test.MileageExceededAmendmentPage">
    <skipped/>
  </testcase> <!-- MilageExceedAmendment -->
</testsuite> <!-- ParallelTest5 Browser Chrome -->
