<?xml version="1.0" encoding="UTF-8"?>
<!-- Generated by org.testng.reporters.JUnitXMLReporter -->
<testsuite ignored="0" hostname="Manjunaths-MacBook-Air.local" failures="1" tests="5" name="Test" time="511.367" errors="0" timestamp="05 Aug 2019 13:46:01 GMT">
  <testcase classname="com.onco.webtests.NewUserOpinionUSPanel" name="newUserappointment" time="27.665"/>
  <testcase classname="com.onco.webtests.NewUserDiagnostictests" name="newUserappointment" time="60.691">
    <failure type="org.openqa.selenium.ElementClickInterceptedException" message="element click intercepted: Element &amp;lt;div _ngcontent-c8=&amp;quot;&amp;quot; class=&amp;quot;blue-rounded-inner-btn&amp;quot; style=&amp;quot;max-width: 210px; margin: 0 auto;&amp;quot;&amp;gt;...&amp;lt;/div&amp;gt; is not clickable at point (1072, 666). Other element would receive the click: &amp;lt;div _ngcontent-c9=&amp;quot;&amp;quot; aria-hidden=&amp;quot;true&amp;quot; aria-labelledby=&amp;quot;InitialAssessmentModalLabel&amp;quot; class=&amp;quot;modal fade initial-assessment-modal in&amp;quot; data-backdrop=&amp;quot;static&amp;quot; role=&amp;quot;dialog&amp;quot; tabindex=&amp;quot;-1&amp;quot; style=&amp;quot;display: block; padding-right: 15px;&amp;quot;&amp;gt;...&amp;lt;/div&amp;gt;
  (Session info: chrome=75.0.3770.142)
Build info: version: &amp;apos;3.141.59&amp;apos;, revision: &amp;apos;e82be7d358&amp;apos;, time: &amp;apos;2018-11-14T08:17:03&amp;apos;
System info: host: &amp;apos;Manjunaths-MacBook-Air.local&amp;apos;, ip: &amp;apos;fe80:0:0:0:142e:6eea:c1a3:bcdc%en0&amp;apos;, os.name: &amp;apos;Mac OS X&amp;apos;, os.arch: &amp;apos;x86_64&amp;apos;, os.version: &amp;apos;10.14.5&amp;apos;, java.version: &amp;apos;12.0.1&amp;apos;
Driver info: org.openqa.selenium.chrome.ChromeDriver
Capabilities {acceptInsecureCerts: false, browserName: chrome, browserVersion: 75.0.3770.142, chrome: {chromedriverVersion: 75.0.3770.140 (2d9f97485c7b..., userDataDir: /var/folders/9d/41vrbrhs6cn...}, goog:chromeOptions: {debuggerAddress: localhost:58673}, javascriptEnabled: true, networkConnectionEnabled: false, pageLoadStrategy: normal, platform: MAC, platformName: MAC, proxy: Proxy(), setWindowRect: true, strictFileInteractability: false, timeouts: {implicit: 0, pageLoad: 300000, script: 30000}, unhandledPromptBehavior: dismiss and notify}
Session ID: 969614c23393fb8248a45f4ce8648b3c">
      <![CDATA[org.openqa.selenium.ElementClickInterceptedException: element click intercepted: Element <div _ngcontent-c8="" class="blue-rounded-inner-btn" style="max-width: 210px; margin: 0 auto;">...</div> is not clickable at point (1072, 666). Other element would receive the click: <div _ngcontent-c9="" aria-hidden="true" aria-labelledby="InitialAssessmentModalLabel" class="modal fade initial-assessment-modal in" data-backdrop="static" role="dialog" tabindex="-1" style="display: block; padding-right: 15px;">...</div>
  (Session info: chrome=75.0.3770.142)
Build info: version: '3.141.59', revision: 'e82be7d358', time: '2018-11-14T08:17:03'
System info: host: 'Manjunaths-MacBook-Air.local', ip: 'fe80:0:0:0:142e:6eea:c1a3:bcdc%en0', os.name: 'Mac OS X', os.arch: 'x86_64', os.version: '10.14.5', java.version: '12.0.1'
Driver info: org.openqa.selenium.chrome.ChromeDriver
Capabilities {acceptInsecureCerts: false, browserName: chrome, browserVersion: 75.0.3770.142, chrome: {chromedriverVersion: 75.0.3770.140 (2d9f97485c7b..., userDataDir: /var/folders/9d/41vrbrhs6cn...}, goog:chromeOptions: {debuggerAddress: localhost:58673}, javascriptEnabled: true, networkConnectionEnabled: false, pageLoadStrategy: normal, platform: MAC, platformName: MAC, proxy: Proxy(), setWindowRect: true, strictFileInteractability: false, timeouts: {implicit: 0, pageLoad: 300000, script: 30000}, unhandledPromptBehavior: dismiss and notify}
Session ID: 969614c23393fb8248a45f4ce8648b3c
at org.openqa.selenium.remote.http.W3CHttpResponseCodec.createException(W3CHttpResponseCodec.java:187)
at org.openqa.selenium.remote.http.W3CHttpResponseCodec.decode(W3CHttpResponseCodec.java:122)
at org.openqa.selenium.remote.http.W3CHttpResponseCodec.decode(W3CHttpResponseCodec.java:49)
at org.openqa.selenium.remote.HttpCommandExecutor.execute(HttpCommandExecutor.java:158)
at org.openqa.selenium.remote.service.DriverCommandExecutor.execute(DriverCommandExecutor.java:83)
at org.openqa.selenium.remote.RemoteWebDriver.execute(RemoteWebDriver.java:552)
at org.openqa.selenium.remote.RemoteWebElement.execute(RemoteWebElement.java:285)
at org.openqa.selenium.remote.RemoteWebElement.click(RemoteWebElement.java:84)
at org.openqa.selenium.support.pagefactory.internal.LocatingElementHandler.invoke(LocatingElementHandler.java:51)
at com.sun.proxy.$Proxy15.click(Unknown Source)
at com.onco.pages.Service.labtest(Service.java:99)
at com.onco.webtests.NewUserDiagnostictests.newUserappointment(NewUserDiagnostictests.java:39)
... Removed 33 stack frames]]>
    </failure>
  </testcase> <!-- newUserappointment -->
  <testcase classname="com.onco.webtests.NewUserOpinionIndianPanel" name="newUserappointment" time="41.042"/>
  <testcase classname="com.onco.webtests.NewUserAppointmentBookOnPriority" name="newuser" time="35.669"/>
  <testcase classname="com.onco.webtests.NewUserAppointmentPayathospital" name="newUserappointment" time="164.94"/>
</testsuite> <!-- Test -->
