<?xml version="1.0" encoding="UTF-8"?>
<!-- Generated by org.testng.reporters.JUnitReportReporter -->
<testsuite hostname="Manjunaths-MacBook-Air.local" failures="0" tests="2" name="com.onco.webtests.NewUserDiagnostictests" time="62.327" errors="1" timestamp="27 Sep 2019 12:22:22 GMT" skipped="1">
  <testcase classname="com.onco.webtests.NewUserDiagnostictests" name="delete" time="62.327">
    <error message="unknown error: unable to discover open pages
Build info: version: &#039;3.141.59&#039;, revision: &#039;e82be7d358&#039;, time: &#039;2018-11-14T08:17:03&#039;
System info: host: &#039;Manjunaths-MacBook-Air.local&#039;, ip: &#039;fe80:0:0:0:1cb1:5400:3ea0:dd01%en0&#039;, os.name: &#039;Mac OS X&#039;, os.arch: &#039;x86_64&#039;, os.version: &#039;10.14.6&#039;, java.version: &#039;12.0.1&#039;
Driver info: driver.version: ChromeDriver
remote stacktrace: 0   chromedriver                        0x0000000102b3cf09 chromedriver + 3694345
1   chromedriver                        0x0000000102ac9fd3 chromedriver + 3223507
2   chromedriver                        0x000000010286958f chromedriver + 730511
3   chromedriver                        0x00000001027cf2b8 chromedriver + 99000
4   chromedriver                        0x00000001027cb22a chromedriver + 82474
5   chromedriver                        0x00000001027f8b71 chromedriver + 269169
6   chromedriver                        0x00000001027f5e83 chromedriver + 257667
7   chromedriver                        0x00000001027d123d chromedriver + 107069
8   chromedriver                        0x00000001027d21d5 chromedriver + 111061
9   chromedriver                        0x0000000102af807f chromedriver + 3412095
10  chromedriver                        0x0000000102b04ced chromedriver + 3464429
11  chromedriver                        0x0000000102b04a78 chromedriver + 3463800
12  chromedriver                        0x0000000102ad7959 chromedriver + 3279193
13  chromedriver                        0x0000000102b05548 chromedriver + 3466568
14  chromedriver                        0x0000000102aec1b7 chromedriver + 3363255
15  chromedriver                        0x0000000102b23474 chromedriver + 3589236
16  chromedriver                        0x0000000102b42ce7 chromedriver + 3718375
17  libsystem_pthread.dylib             0x00007fff666532eb _pthread_body + 126
18  libsystem_pthread.dylib             0x00007fff66656249 _pthread_start + 66
19  libsystem_pthread.dylib             0x00007fff6665240d thread_start + 13
" type="org.openqa.selenium.WebDriverException">
      <![CDATA[org.openqa.selenium.WebDriverException: unknown error: unable to discover open pages
Build info: version: '3.141.59', revision: 'e82be7d358', time: '2018-11-14T08:17:03'
System info: host: 'Manjunaths-MacBook-Air.local', ip: 'fe80:0:0:0:1cb1:5400:3ea0:dd01%en0', os.name: 'Mac OS X', os.arch: 'x86_64', os.version: '10.14.6', java.version: '12.0.1'
Driver info: driver.version: ChromeDriver
remote stacktrace: 0   chromedriver                        0x0000000102b3cf09 chromedriver + 3694345
1   chromedriver                        0x0000000102ac9fd3 chromedriver + 3223507
2   chromedriver                        0x000000010286958f chromedriver + 730511
3   chromedriver                        0x00000001027cf2b8 chromedriver + 99000
4   chromedriver                        0x00000001027cb22a chromedriver + 82474
5   chromedriver                        0x00000001027f8b71 chromedriver + 269169
6   chromedriver                        0x00000001027f5e83 chromedriver + 257667
7   chromedriver                        0x00000001027d123d chromedriver + 107069
8   chromedriver                        0x00000001027d21d5 chromedriver + 111061
9   chromedriver                        0x0000000102af807f chromedriver + 3412095
10  chromedriver                        0x0000000102b04ced chromedriver + 3464429
11  chromedriver                        0x0000000102b04a78 chromedriver + 3463800
12  chromedriver                        0x0000000102ad7959 chromedriver + 3279193
13  chromedriver                        0x0000000102b05548 chromedriver + 3466568
14  chromedriver                        0x0000000102aec1b7 chromedriver + 3363255
15  chromedriver                        0x0000000102b23474 chromedriver + 3589236
16  chromedriver                        0x0000000102b42ce7 chromedriver + 3718375
17  libsystem_pthread.dylib             0x00007fff666532eb _pthread_body + 126
18  libsystem_pthread.dylib             0x00007fff66656249 _pthread_start + 66
19  libsystem_pthread.dylib             0x00007fff6665240d thread_start + 13

at java.base/jdk.internal.reflect.NativeConstructorAccessorImpl.newInstance0(Native Method)
at java.base/jdk.internal.reflect.NativeConstructorAccessorImpl.newInstance(NativeConstructorAccessorImpl.java:62)
at java.base/jdk.internal.reflect.DelegatingConstructorAccessorImpl.newInstance(DelegatingConstructorAccessorImpl.java:45)
at java.base/java.lang.reflect.Constructor.newInstanceWithCaller(Constructor.java:500)
at java.base/java.lang.reflect.Constructor.newInstance(Constructor.java:481)
at org.openqa.selenium.remote.W3CHandshakeResponse.lambda$errorHandler$0(W3CHandshakeResponse.java:62)
at org.openqa.selenium.remote.HandshakeResponse.lambda$getResponseFunction$0(HandshakeResponse.java:30)
at org.openqa.selenium.remote.ProtocolHandshake.lambda$createSession$0(ProtocolHandshake.java:126)
at java.base/java.util.stream.ReferencePipeline$3$1.accept(ReferencePipeline.java:195)
at java.base/java.util.Spliterators$ArraySpliterator.tryAdvance(Spliterators.java:958)
at java.base/java.util.stream.ReferencePipeline.forEachWithCancel(ReferencePipeline.java:127)
at java.base/java.util.stream.AbstractPipeline.copyIntoWithCancel(AbstractPipeline.java:502)
at java.base/java.util.stream.AbstractPipeline.copyInto(AbstractPipeline.java:488)
at java.base/java.util.stream.AbstractPipeline.wrapAndCopyInto(AbstractPipeline.java:474)
at java.base/java.util.stream.FindOps$FindOp.evaluateSequential(FindOps.java:150)
at java.base/java.util.stream.AbstractPipeline.evaluate(AbstractPipeline.java:234)
at java.base/java.util.stream.ReferencePipeline.findFirst(ReferencePipeline.java:543)
at org.openqa.selenium.remote.ProtocolHandshake.createSession(ProtocolHandshake.java:128)
at org.openqa.selenium.remote.ProtocolHandshake.createSession(ProtocolHandshake.java:74)
at org.openqa.selenium.remote.HttpCommandExecutor.execute(HttpCommandExecutor.java:139)
at org.openqa.selenium.remote.service.DriverCommandExecutor.execute(DriverCommandExecutor.java:83)
at org.openqa.selenium.remote.RemoteWebDriver.execute(RemoteWebDriver.java:577)
at org.openqa.selenium.remote.RemoteWebDriver.startSession(RemoteWebDriver.java:211)
at org.openqa.selenium.remote.RemoteWebDriver.<init>(RemoteWebDriver.java:131)
at org.openqa.selenium.chrome.ChromeDriver.<init>(ChromeDriver.java:189)
at org.openqa.selenium.chrome.ChromeDriver.<init>(ChromeDriver.java:176)
at org.openqa.selenium.chrome.ChromeDriver.<init>(ChromeDriver.java:165)
at com.onco.webtests.NewUserDiagnostictests.delete(NewUserDiagnostictests.java:39)
at java.base/jdk.internal.reflect.NativeMethodAccessorImpl.invoke0(Native Method)
at java.base/jdk.internal.reflect.NativeMethodAccessorImpl.invoke(NativeMethodAccessorImpl.java:62)
at java.base/jdk.internal.reflect.DelegatingMethodAccessorImpl.invoke(DelegatingMethodAccessorImpl.java:43)
at java.base/java.lang.reflect.Method.invoke(Method.java:567)
at org.testng.internal.MethodInvocationHelper.invokeMethod(MethodInvocationHelper.java:124)
at org.testng.internal.MethodInvocationHelper.invokeMethodConsideringTimeout(MethodInvocationHelper.java:59)
at org.testng.internal.Invoker.invokeConfigurationMethod(Invoker.java:458)
at org.testng.internal.Invoker.invokeConfigurations(Invoker.java:222)
at org.testng.internal.Invoker.invokeConfigurations(Invoker.java:142)
at org.testng.internal.TestMethodWorker.invokeBeforeClassMethods(TestMethodWorker.java:168)
at org.testng.internal.TestMethodWorker.run(TestMethodWorker.java:105)
at org.testng.TestRunner.privateRun(TestRunner.java:648)
at org.testng.TestRunner.run(TestRunner.java:505)
at org.testng.SuiteRunner.runTest(SuiteRunner.java:455)
at org.testng.SuiteRunner.runSequentially(SuiteRunner.java:450)
at org.testng.SuiteRunner.privateRun(SuiteRunner.java:415)
at org.testng.SuiteRunner.run(SuiteRunner.java:364)
at org.testng.SuiteRunnerWorker.runSuite(SuiteRunnerWorker.java:52)
at org.testng.SuiteRunnerWorker.run(SuiteRunnerWorker.java:84)
at org.testng.TestNG.runSuitesSequentially(TestNG.java:1208)
at org.testng.TestNG.runSuitesLocally(TestNG.java:1137)
at org.testng.TestNG.runSuites(TestNG.java:1049)
at org.testng.TestNG.run(TestNG.java:1017)
at org.testng.remote.AbstractRemoteTestNG.run(AbstractRemoteTestNG.java:115)
at org.testng.remote.RemoteTestNG.initAndRun(RemoteTestNG.java:251)
at org.testng.remote.RemoteTestNG.main(RemoteTestNG.java:77)
]]>
    </error>
  </testcase> <!-- delete -->
  <testcase classname="com.onco.webtests.NewUserDiagnostictests" name="newUserDiagnostic" time="0.000">
    <skipped/>
  </testcase> <!-- newUserDiagnostic -->
</testsuite> <!-- com.onco.webtests.NewUserDiagnostictests -->
